{"/home/savi/Desktop/Projects/Gambit/server/src/app.js": {"path":"/home/savi/Desktop/Projects/Gambit/server/src/app.js","statementMap":{"0":{"start":{"line":4,"column":16},"end":{"line":4,"column":34}},"1":{"start":{"line":5,"column":13},"end":{"line":5,"column":28}},"2":{"start":{"line":6,"column":15},"end":{"line":6,"column":32}},"3":{"start":{"line":7,"column":15},"end":{"line":7,"column":32}},"4":{"start":{"line":8,"column":17},"end":{"line":8,"column":36}},"5":{"start":{"line":9,"column":15},"end":{"line":9,"column":35}},"6":{"start":{"line":12,"column":21},"end":{"line":12,"column":51}},"7":{"start":{"line":13,"column":23},"end":{"line":13,"column":55}},"8":{"start":{"line":14,"column":26},"end":{"line":14,"column":61}},"9":{"start":{"line":16,"column":0},"end":{"line":16,"column":11}},"10":{"start":{"line":18,"column":0},"end":{"line":18,"column":21}},"11":{"start":{"line":20,"column":12},"end":{"line":20,"column":21}},"12":{"start":{"line":23,"column":0},"end":{"line":23,"column":16}},"13":{"start":{"line":24,"column":0},"end":{"line":24,"column":18}},"14":{"start":{"line":25,"column":0},"end":{"line":25,"column":23}},"15":{"start":{"line":26,"column":0},"end":{"line":26,"column":24}},"16":{"start":{"line":27,"column":0},"end":{"line":27,"column":46}},"17":{"start":{"line":28,"column":0},"end":{"line":28,"column":31}},"18":{"start":{"line":30,"column":0},"end":{"line":30,"column":48}},"19":{"start":{"line":31,"column":0},"end":{"line":31,"column":51}},"20":{"start":{"line":32,"column":0},"end":{"line":32,"column":48}},"21":{"start":{"line":35,"column":13},"end":{"line":35,"column":37}},"22":{"start":{"line":36,"column":15},"end":{"line":38,"column":2}},"23":{"start":{"line":37,"column":2},"end":{"line":37,"column":69}},"24":{"start":{"line":41,"column":11},"end":{"line":41,"column":54}},"25":{"start":{"line":42,"column":0},"end":{"line":42,"column":56}},"26":{"start":{"line":44,"column":0},"end":{"line":44,"column":21}}},"fnMap":{"0":{"name":"(anonymous_0)","decl":{"start":{"line":36,"column":32},"end":{"line":36,"column":33}},"loc":{"start":{"line":36,"column":38},"end":{"line":38,"column":1}},"line":36}},"branchMap":{"0":{"loc":{"start":{"line":35,"column":13},"end":{"line":35,"column":37}},"type":"binary-expr","locations":[{"start":{"line":35,"column":13},"end":{"line":35,"column":29}},{"start":{"line":35,"column":33},"end":{"line":35,"column":37}}],"line":35}},"s":{"0":2,"1":2,"2":2,"3":2,"4":2,"5":2,"6":2,"7":2,"8":2,"9":2,"10":2,"11":2,"12":2,"13":2,"14":2,"15":2,"16":2,"17":2,"18":2,"19":2,"20":2,"21":2,"22":2,"23":1,"24":2,"25":2,"26":2},"f":{"0":1},"b":{"0":[2,2]},"_coverageSchema":"1a1c01bbd47fc00a2c39e90264f33305004495a9","hash":"76a5bf1ff6c143dd23089eea7ad00c32ee7a7fe5"}
,"/home/savi/Desktop/Projects/Gambit/server/src/configs/auth.config.js": {"path":"/home/savi/Desktop/Projects/Gambit/server/src/configs/auth.config.js","statementMap":{"0":{"start":{"line":3,"column":46},"end":{"line":3,"column":69}},"1":{"start":{"line":4,"column":24},"end":{"line":4,"column":51}},"2":{"start":{"line":5,"column":13},"end":{"line":5,"column":44}},"3":{"start":{"line":6,"column":26},"end":{"line":6,"column":67}},"4":{"start":{"line":8,"column":16},"end":{"line":8,"column":60}},"5":{"start":{"line":10,"column":26},"end":{"line":12,"column":59}},"6":{"start":{"line":14,"column":30},"end":{"line":16,"column":63}},"7":{"start":{"line":18,"column":19},"end":{"line":42,"column":1}},"8":{"start":{"line":19,"column":21},"end":{"line":23,"column":3}},"9":{"start":{"line":25,"column":4},"end":{"line":31,"column":8}},"10":{"start":{"line":26,"column":6},"end":{"line":30,"column":9}},"11":{"start":{"line":27,"column":8},"end":{"line":27,"column":41}},"12":{"start":{"line":27,"column":17},"end":{"line":27,"column":41}},"13":{"start":{"line":28,"column":8},"end":{"line":29,"column":38}},"14":{"start":{"line":28,"column":18},"end":{"line":28,"column":42}},"15":{"start":{"line":29,"column":13},"end":{"line":29,"column":38}},"16":{"start":{"line":33,"column":25},"end":{"line":38,"column":3}},"17":{"start":{"line":40,"column":2},"end":{"line":40,"column":67}},"18":{"start":{"line":44,"column":0},"end":{"line":46,"column":2}}},"fnMap":{"0":{"name":"(anonymous_0)","decl":{"start":{"line":18,"column":19},"end":{"line":18,"column":20}},"loc":{"start":{"line":18,"column":31},"end":{"line":42,"column":1}},"line":18},"1":{"name":"(anonymous_1)","decl":{"start":{"line":25,"column":45},"end":{"line":25,"column":46}},"loc":{"start":{"line":25,"column":68},"end":{"line":31,"column":5}},"line":25},"2":{"name":"(anonymous_2)","decl":{"start":{"line":26,"column":42},"end":{"line":26,"column":43}},"loc":{"start":{"line":26,"column":57},"end":{"line":30,"column":7}},"line":26}},"branchMap":{"0":{"loc":{"start":{"line":10,"column":26},"end":{"line":12,"column":59}},"type":"cond-expr","locations":[{"start":{"line":11,"column":4},"end":{"line":11,"column":60}},{"start":{"line":12,"column":4},"end":{"line":12,"column":59}}],"line":10},"1":{"loc":{"start":{"line":14,"column":30},"end":{"line":16,"column":63}},"type":"cond-expr","locations":[{"start":{"line":15,"column":4},"end":{"line":15,"column":64}},{"start":{"line":16,"column":4},"end":{"line":16,"column":63}}],"line":14},"2":{"loc":{"start":{"line":27,"column":8},"end":{"line":27,"column":41}},"type":"if","locations":[{"start":{"line":27,"column":8},"end":{"line":27,"column":41}},{"start":{},"end":{}}],"line":27},"3":{"loc":{"start":{"line":28,"column":8},"end":{"line":29,"column":38}},"type":"if","locations":[{"start":{"line":28,"column":8},"end":{"line":29,"column":38}},{"start":{"line":29,"column":13},"end":{"line":29,"column":38}}],"line":28}},"s":{"0":2,"1":2,"2":2,"3":2,"4":2,"5":2,"6":2,"7":2,"8":2,"9":2,"10":0,"11":0,"12":0,"13":0,"14":0,"15":0,"16":2,"17":2,"18":2},"f":{"0":2,"1":0,"2":0},"b":{"0":[0,2],"1":[0,2],"2":[0,0],"3":[0,0]},"_coverageSchema":"1a1c01bbd47fc00a2c39e90264f33305004495a9","hash":"0fd99934050c75c4a7ecb15f9b99bee1c2efaa60"}
,"/home/savi/Desktop/Projects/Gambit/server/src/configs/client.config.js": {"path":"/home/savi/Desktop/Projects/Gambit/server/src/configs/client.config.js","statementMap":{"0":{"start":{"line":1,"column":22},"end":{"line":1,"column":55}},"1":{"start":{"line":2,"column":21},"end":{"line":2,"column":53}},"2":{"start":{"line":4,"column":21},"end":{"line":9,"column":1}},"3":{"start":{"line":5,"column":20},"end":{"line":7,"column":16}},"4":{"start":{"line":8,"column":2},"end":{"line":8,"column":19}},"5":{"start":{"line":11,"column":0},"end":{"line":13,"column":2}}},"fnMap":{"0":{"name":"(anonymous_0)","decl":{"start":{"line":4,"column":21},"end":{"line":4,"column":22}},"loc":{"start":{"line":4,"column":26},"end":{"line":9,"column":1}},"line":4}},"branchMap":{"0":{"loc":{"start":{"line":1,"column":22},"end":{"line":1,"column":55}},"type":"binary-expr","locations":[{"start":{"line":1,"column":22},"end":{"line":1,"column":49}},{"start":{"line":1,"column":53},"end":{"line":1,"column":55}}],"line":1},"1":{"loc":{"start":{"line":2,"column":21},"end":{"line":2,"column":53}},"type":"binary-expr","locations":[{"start":{"line":2,"column":21},"end":{"line":2,"column":47}},{"start":{"line":2,"column":51},"end":{"line":2,"column":53}}],"line":2},"2":{"loc":{"start":{"line":5,"column":20},"end":{"line":7,"column":16}},"type":"cond-expr","locations":[{"start":{"line":6,"column":4},"end":{"line":6,"column":17}},{"start":{"line":7,"column":4},"end":{"line":7,"column":16}}],"line":5}},"s":{"0":2,"1":2,"2":2,"3":2,"4":2,"5":2},"f":{"0":2},"b":{"0":[2,2],"1":[2,0],"2":[0,2]},"_coverageSchema":"1a1c01bbd47fc00a2c39e90264f33305004495a9","hash":"c635ea7882efd03b9f1a5722478b416f277db839"}
,"/home/savi/Desktop/Projects/Gambit/server/src/configs/db.config.js": {"path":"/home/savi/Desktop/Projects/Gambit/server/src/configs/db.config.js","statementMap":{"0":{"start":{"line":3,"column":32},"end":{"line":3,"column":51}},"1":{"start":{"line":4,"column":21},"end":{"line":4,"column":56}},"2":{"start":{"line":5,"column":20},"end":{"line":5,"column":54}},"3":{"start":{"line":7,"column":17},"end":{"line":31,"column":1}},"4":{"start":{"line":8,"column":19},"end":{"line":10,"column":17}},"5":{"start":{"line":12,"column":2},"end":{"line":21,"column":3}},"6":{"start":{"line":13,"column":4},"end":{"line":18,"column":7}},"7":{"start":{"line":20,"column":4},"end":{"line":20,"column":61}},"8":{"start":{"line":23,"column":2},"end":{"line":25,"column":4}},"9":{"start":{"line":24,"column":4},"end":{"line":24,"column":52}},"10":{"start":{"line":27,"column":2},"end":{"line":29,"column":4}},"11":{"start":{"line":28,"column":4},"end":{"line":28,"column":54}},"12":{"start":{"line":33,"column":0},"end":{"line":35,"column":2}}},"fnMap":{"0":{"name":"(anonymous_0)","decl":{"start":{"line":7,"column":17},"end":{"line":7,"column":18}},"loc":{"start":{"line":7,"column":22},"end":{"line":31,"column":1}},"line":7},"1":{"name":"(anonymous_1)","decl":{"start":{"line":23,"column":29},"end":{"line":23,"column":30}},"loc":{"start":{"line":24,"column":4},"end":{"line":24,"column":52}},"line":24},"2":{"name":"(anonymous_2)","decl":{"start":{"line":27,"column":25},"end":{"line":27,"column":26}},"loc":{"start":{"line":28,"column":4},"end":{"line":28,"column":54}},"line":28}},"branchMap":{"0":{"loc":{"start":{"line":4,"column":21},"end":{"line":4,"column":56}},"type":"binary-expr","locations":[{"start":{"line":4,"column":21},"end":{"line":4,"column":50}},{"start":{"line":4,"column":54},"end":{"line":4,"column":56}}],"line":4},"1":{"loc":{"start":{"line":5,"column":20},"end":{"line":5,"column":54}},"type":"binary-expr","locations":[{"start":{"line":5,"column":20},"end":{"line":5,"column":48}},{"start":{"line":5,"column":52},"end":{"line":5,"column":54}}],"line":5},"2":{"loc":{"start":{"line":8,"column":19},"end":{"line":10,"column":17}},"type":"cond-expr","locations":[{"start":{"line":9,"column":6},"end":{"line":9,"column":18}},{"start":{"line":10,"column":6},"end":{"line":10,"column":17}}],"line":8}},"s":{"0":2,"1":2,"2":2,"3":2,"4":2,"5":2,"6":2,"7":0,"8":2,"9":2,"10":2,"11":0,"12":2},"f":{"0":2,"1":2,"2":0},"b":{"0":[2,2],"1":[2,0],"2":[0,2]},"_coverageSchema":"1a1c01bbd47fc00a2c39e90264f33305004495a9","hash":"71d5113136c23a00db55b99db50596f2eb782ccd"}
,"/home/savi/Desktop/Projects/Gambit/server/src/configs/storage.config.js": {"path":"/home/savi/Desktop/Projects/Gambit/server/src/configs/storage.config.js","statementMap":{"0":{"start":{"line":3,"column":25},"end":{"line":3,"column":41}},"1":{"start":{"line":4,"column":21},"end":{"line":4,"column":47}},"2":{"start":{"line":6,"column":21},"end":{"line":6,"column":55}},"3":{"start":{"line":7,"column":20},"end":{"line":7,"column":53}},"4":{"start":{"line":9,"column":22},"end":{"line":9,"column":51}},"5":{"start":{"line":10,"column":21},"end":{"line":10,"column":49}},"6":{"start":{"line":12,"column":22},"end":{"line":43,"column":1}},"7":{"start":{"line":14,"column":19},"end":{"line":16,"column":17}},"8":{"start":{"line":18,"column":15},"end":{"line":18,"column":55}},"9":{"start":{"line":19,"column":15},"end":{"line":19,"column":56}},"10":{"start":{"line":20,"column":20},"end":{"line":22,"column":18}},"11":{"start":{"line":24,"column":17},"end":{"line":26,"column":4}},"12":{"start":{"line":28,"column":2},"end":{"line":30,"column":4}},"13":{"start":{"line":29,"column":4},"end":{"line":29,"column":51}},"14":{"start":{"line":32,"column":2},"end":{"line":34,"column":4}},"15":{"start":{"line":33,"column":4},"end":{"line":33,"column":53}},"16":{"start":{"line":37,"column":20},"end":{"line":37,"column":26}},"17":{"start":{"line":38,"column":20},"end":{"line":38,"column":41}},"18":{"start":{"line":39,"column":2},"end":{"line":39,"column":53}},"19":{"start":{"line":41,"column":2},"end":{"line":41,"column":16}},"20":{"start":{"line":45,"column":0},"end":{"line":47,"column":2}}},"fnMap":{"0":{"name":"(anonymous_0)","decl":{"start":{"line":12,"column":22},"end":{"line":12,"column":23}},"loc":{"start":{"line":12,"column":28},"end":{"line":43,"column":1}},"line":12},"1":{"name":"(anonymous_1)","decl":{"start":{"line":28,"column":23},"end":{"line":28,"column":24}},"loc":{"start":{"line":29,"column":4},"end":{"line":29,"column":51}},"line":29},"2":{"name":"(anonymous_2)","decl":{"start":{"line":32,"column":21},"end":{"line":32,"column":22}},"loc":{"start":{"line":33,"column":4},"end":{"line":33,"column":53}},"line":33}},"branchMap":{"0":{"loc":{"start":{"line":6,"column":21},"end":{"line":6,"column":55}},"type":"binary-expr","locations":[{"start":{"line":6,"column":21},"end":{"line":6,"column":49}},{"start":{"line":6,"column":53},"end":{"line":6,"column":55}}],"line":6},"1":{"loc":{"start":{"line":7,"column":20},"end":{"line":7,"column":53}},"type":"binary-expr","locations":[{"start":{"line":7,"column":20},"end":{"line":7,"column":47}},{"start":{"line":7,"column":51},"end":{"line":7,"column":53}}],"line":7},"2":{"loc":{"start":{"line":14,"column":19},"end":{"line":16,"column":17}},"type":"cond-expr","locations":[{"start":{"line":15,"column":6},"end":{"line":15,"column":18}},{"start":{"line":16,"column":6},"end":{"line":16,"column":17}}],"line":14},"3":{"loc":{"start":{"line":20,"column":20},"end":{"line":22,"column":18}},"type":"cond-expr","locations":[{"start":{"line":21,"column":6},"end":{"line":21,"column":19}},{"start":{"line":22,"column":6},"end":{"line":22,"column":18}}],"line":20}},"s":{"0":2,"1":2,"2":2,"3":2,"4":2,"5":2,"6":2,"7":2,"8":2,"9":2,"10":2,"11":2,"12":2,"13":2,"14":2,"15":0,"16":2,"17":2,"18":2,"19":2,"20":2},"f":{"0":2,"1":2,"2":0},"b":{"0":[2,2],"1":[2,0],"2":[0,2],"3":[0,2]},"_coverageSchema":"1a1c01bbd47fc00a2c39e90264f33305004495a9","hash":"90cb3319fa98232e0e33fc503653cb0aa06847cb"}
,"/home/savi/Desktop/Projects/Gambit/server/src/controllers/game.controller.js": {"path":"/home/savi/Desktop/Projects/Gambit/server/src/controllers/game.controller.js","statementMap":{"0":{"start":{"line":1,"column":18},"end":{"line":1,"column":37}},"1":{"start":{"line":2,"column":58},"end":{"line":2,"column":94}},"2":{"start":{"line":3,"column":24},"end":{"line":3,"column":72}},"3":{"start":{"line":4,"column":18},"end":{"line":4,"column":37}},"4":{"start":{"line":5,"column":13},"end":{"line":5,"column":44}},"5":{"start":{"line":8,"column":19},"end":{"line":39,"column":1}},"6":{"start":{"line":9,"column":2},"end":{"line":36,"column":3}},"7":{"start":{"line":11,"column":20},"end":{"line":16,"column":6}},"8":{"start":{"line":18,"column":17},"end":{"line":18,"column":37}},"9":{"start":{"line":19,"column":19},"end":{"line":19,"column":55}},"10":{"start":{"line":21,"column":4},"end":{"line":21,"column":47}},"11":{"start":{"line":23,"column":4},"end":{"line":28,"column":8}},"12":{"start":{"line":30,"column":4},"end":{"line":30,"column":24}},"13":{"start":{"line":31,"column":4},"end":{"line":31,"column":36}},"14":{"start":{"line":34,"column":4},"end":{"line":34,"column":48}},"15":{"start":{"line":35,"column":4},"end":{"line":35,"column":78}},"16":{"start":{"line":42,"column":21},"end":{"line":55,"column":1}},"17":{"start":{"line":43,"column":2},"end":{"line":43,"column":52}},"18":{"start":{"line":45,"column":2},"end":{"line":45,"column":27}},"19":{"start":{"line":46,"column":16},"end":{"line":46,"column":27}},"20":{"start":{"line":47,"column":2},"end":{"line":47,"column":29}},"21":{"start":{"line":49,"column":2},"end":{"line":54,"column":5}},"22":{"start":{"line":58,"column":17},"end":{"line":96,"column":1}},"23":{"start":{"line":59,"column":2},"end":{"line":94,"column":3}},"24":{"start":{"line":60,"column":4},"end":{"line":90,"column":7}},"25":{"start":{"line":61,"column":19},"end":{"line":61,"column":65}},"26":{"start":{"line":62,"column":6},"end":{"line":89,"column":7}},"27":{"start":{"line":63,"column":8},"end":{"line":63,"column":75}},"28":{"start":{"line":65,"column":11},"end":{"line":89,"column":7}},"29":{"start":{"line":66,"column":8},"end":{"line":66,"column":83}},"30":{"start":{"line":68,"column":11},"end":{"line":89,"column":7}},"31":{"start":{"line":69,"column":8},"end":{"line":69,"column":45}},"32":{"start":{"line":73,"column":8},"end":{"line":73,"column":55}},"33":{"start":{"line":75,"column":8},"end":{"line":75,"column":33}},"34":{"start":{"line":76,"column":8},"end":{"line":79,"column":10}},"35":{"start":{"line":81,"column":8},"end":{"line":81,"column":28}},"36":{"start":{"line":83,"column":8},"end":{"line":83,"column":64}},"37":{"start":{"line":84,"column":8},"end":{"line":88,"column":11}},"38":{"start":{"line":92,"column":4},"end":{"line":92,"column":46}},"39":{"start":{"line":93,"column":4},"end":{"line":93,"column":74}},"40":{"start":{"line":99,"column":18},"end":{"line":133,"column":1}},"41":{"start":{"line":100,"column":37},"end":{"line":100,"column":41}},"42":{"start":{"line":102,"column":2},"end":{"line":132,"column":5}},"43":{"start":{"line":103,"column":17},"end":{"line":103,"column":37}},"44":{"start":{"line":104,"column":18},"end":{"line":104,"column":29}},"45":{"start":{"line":105,"column":4},"end":{"line":105,"column":31}},"46":{"start":{"line":106,"column":22},"end":{"line":111,"column":5}},"47":{"start":{"line":113,"column":4},"end":{"line":114,"column":51}},"48":{"start":{"line":114,"column":6},"end":{"line":114,"column":51}},"49":{"start":{"line":115,"column":6},"end":{"line":115,"column":34}},"50":{"start":{"line":116,"column":6},"end":{"line":116,"column":36}},"51":{"start":{"line":118,"column":4},"end":{"line":119,"column":68}},"52":{"start":{"line":119,"column":6},"end":{"line":119,"column":68}},"53":{"start":{"line":119,"column":61},"end":{"line":119,"column":68}},"54":{"start":{"line":121,"column":4},"end":{"line":121,"column":29}},"55":{"start":{"line":122,"column":4},"end":{"line":122,"column":55}},"56":{"start":{"line":124,"column":4},"end":{"line":130,"column":5}},"57":{"start":{"line":125,"column":6},"end":{"line":125,"column":43}},"58":{"start":{"line":126,"column":6},"end":{"line":126,"column":47}},"59":{"start":{"line":127,"column":6},"end":{"line":127,"column":68}},"60":{"start":{"line":128,"column":6},"end":{"line":128,"column":43}},"61":{"start":{"line":129,"column":6},"end":{"line":129,"column":34}},"62":{"start":{"line":131,"column":4},"end":{"line":131,"column":48}},"63":{"start":{"line":136,"column":18},"end":{"line":146,"column":1}},"64":{"start":{"line":137,"column":2},"end":{"line":145,"column":5}},"65":{"start":{"line":138,"column":4},"end":{"line":144,"column":5}},"66":{"start":{"line":139,"column":6},"end":{"line":139,"column":50}},"67":{"start":{"line":140,"column":23},"end":{"line":140,"column":43}},"68":{"start":{"line":141,"column":6},"end":{"line":141,"column":59}},"69":{"start":{"line":142,"column":6},"end":{"line":142,"column":34}},"70":{"start":{"line":143,"column":6},"end":{"line":143,"column":85}},"71":{"start":{"line":149,"column":25},"end":{"line":178,"column":1}},"72":{"start":{"line":151,"column":2},"end":{"line":177,"column":3}},"73":{"start":{"line":152,"column":4},"end":{"line":152,"column":33}},"74":{"start":{"line":153,"column":17},"end":{"line":153,"column":77}},"75":{"start":{"line":154,"column":4},"end":{"line":154,"column":56}},"76":{"start":{"line":155,"column":4},"end":{"line":155,"column":21}},"77":{"start":{"line":156,"column":4},"end":{"line":162,"column":11}},"78":{"start":{"line":157,"column":6},"end":{"line":162,"column":11}},"79":{"start":{"line":163,"column":4},"end":{"line":163,"column":21}},"80":{"start":{"line":164,"column":4},"end":{"line":173,"column":9}},"81":{"start":{"line":175,"column":4},"end":{"line":175,"column":23}},"82":{"start":{"line":176,"column":4},"end":{"line":176,"column":52}},"83":{"start":{"line":180,"column":0},"end":{"line":187,"column":2}}},"fnMap":{"0":{"name":"(anonymous_0)","decl":{"start":{"line":8,"column":19},"end":{"line":8,"column":20}},"loc":{"start":{"line":8,"column":58},"end":{"line":39,"column":1}},"line":8},"1":{"name":"(anonymous_1)","decl":{"start":{"line":42,"column":21},"end":{"line":42,"column":22}},"loc":{"start":{"line":42,"column":49},"end":{"line":55,"column":1}},"line":42},"2":{"name":"(anonymous_2)","decl":{"start":{"line":58,"column":17},"end":{"line":58,"column":18}},"loc":{"start":{"line":58,"column":50},"end":{"line":96,"column":1}},"line":58},"3":{"name":"(anonymous_3)","decl":{"start":{"line":60,"column":35},"end":{"line":60,"column":36}},"loc":{"start":{"line":60,"column":49},"end":{"line":90,"column":5}},"line":60},"4":{"name":"(anonymous_4)","decl":{"start":{"line":99,"column":18},"end":{"line":99,"column":19}},"loc":{"start":{"line":99,"column":51},"end":{"line":133,"column":1}},"line":99},"5":{"name":"(anonymous_5)","decl":{"start":{"line":102,"column":28},"end":{"line":102,"column":29}},"loc":{"start":{"line":102,"column":48},"end":{"line":132,"column":3}},"line":102},"6":{"name":"(anonymous_6)","decl":{"start":{"line":136,"column":18},"end":{"line":136,"column":19}},"loc":{"start":{"line":136,"column":53},"end":{"line":146,"column":1}},"line":136},"7":{"name":"(anonymous_7)","decl":{"start":{"line":137,"column":28},"end":{"line":137,"column":29}},"loc":{"start":{"line":137,"column":48},"end":{"line":145,"column":3}},"line":137},"8":{"name":"(anonymous_8)","decl":{"start":{"line":149,"column":25},"end":{"line":149,"column":26}},"loc":{"start":{"line":149,"column":45},"end":{"line":178,"column":1}},"line":149}},"branchMap":{"0":{"loc":{"start":{"line":61,"column":19},"end":{"line":61,"column":65}},"type":"cond-expr","locations":[{"start":{"line":61,"column":34},"end":{"line":61,"column":54}},{"start":{"line":61,"column":56},"end":{"line":61,"column":65}}],"line":61},"1":{"loc":{"start":{"line":62,"column":6},"end":{"line":89,"column":7}},"type":"if","locations":[{"start":{"line":62,"column":6},"end":{"line":89,"column":7}},{"start":{"line":65,"column":11},"end":{"line":89,"column":7}}],"line":62},"2":{"loc":{"start":{"line":65,"column":11},"end":{"line":89,"column":7}},"type":"if","locations":[{"start":{"line":65,"column":11},"end":{"line":89,"column":7}},{"start":{"line":68,"column":11},"end":{"line":89,"column":7}}],"line":65},"3":{"loc":{"start":{"line":68,"column":11},"end":{"line":89,"column":7}},"type":"if","locations":[{"start":{"line":68,"column":11},"end":{"line":89,"column":7}},{"start":{"line":72,"column":11},"end":{"line":89,"column":7}}],"line":68},"4":{"loc":{"start":{"line":113,"column":4},"end":{"line":114,"column":51}},"type":"if","locations":[{"start":{"line":113,"column":4},"end":{"line":114,"column":51}},{"start":{},"end":{}}],"line":113},"5":{"loc":{"start":{"line":118,"column":4},"end":{"line":119,"column":68}},"type":"if","locations":[{"start":{"line":118,"column":4},"end":{"line":119,"column":68}},{"start":{},"end":{}}],"line":118},"6":{"loc":{"start":{"line":119,"column":6},"end":{"line":119,"column":68}},"type":"if","locations":[{"start":{"line":119,"column":6},"end":{"line":119,"column":68}},{"start":{},"end":{}}],"line":119},"7":{"loc":{"start":{"line":124,"column":4},"end":{"line":130,"column":5}},"type":"if","locations":[{"start":{"line":124,"column":4},"end":{"line":130,"column":5}},{"start":{},"end":{}}],"line":124},"8":{"loc":{"start":{"line":138,"column":4},"end":{"line":144,"column":5}},"type":"if","locations":[{"start":{"line":138,"column":4},"end":{"line":144,"column":5}},{"start":{},"end":{}}],"line":138},"9":{"loc":{"start":{"line":138,"column":8},"end":{"line":138,"column":36}},"type":"binary-expr","locations":[{"start":{"line":138,"column":8},"end":{"line":138,"column":20}},{"start":{"line":138,"column":24},"end":{"line":138,"column":36}}],"line":138},"10":{"loc":{"start":{"line":156,"column":4},"end":{"line":162,"column":11}},"type":"if","locations":[{"start":{"line":156,"column":4},"end":{"line":162,"column":11}},{"start":{},"end":{}}],"line":156}},"s":{"0":2,"1":2,"2":2,"3":2,"4":2,"5":2,"6":0,"7":0,"8":0,"9":0,"10":0,"11":0,"12":0,"13":0,"14":0,"15":0,"16":2,"17":0,"18":0,"19":0,"20":0,"21":0,"22":2,"23":0,"24":0,"25":0,"26":0,"27":0,"28":0,"29":0,"30":0,"31":0,"32":0,"33":0,"34":0,"35":0,"36":0,"37":0,"38":0,"39":0,"40":2,"41":0,"42":0,"43":0,"44":0,"45":0,"46":0,"47":0,"48":0,"49":0,"50":0,"51":0,"52":0,"53":0,"54":0,"55":0,"56":0,"57":0,"58":0,"59":0,"60":0,"61":0,"62":0,"63":2,"64":0,"65":0,"66":0,"67":0,"68":0,"69":0,"70":0,"71":2,"72":0,"73":0,"74":0,"75":0,"76":0,"77":0,"78":0,"79":0,"80":0,"81":0,"82":0,"83":2},"f":{"0":0,"1":0,"2":0,"3":0,"4":0,"5":0,"6":0,"7":0,"8":0},"b":{"0":[0,0],"1":[0,0],"2":[0,0],"3":[0,0],"4":[0,0],"5":[0,0],"6":[0,0],"7":[0,0],"8":[0,0],"9":[0,0],"10":[0,0]},"_coverageSchema":"1a1c01bbd47fc00a2c39e90264f33305004495a9","hash":"c59e28721e00c3405748bc7a25b60c734f34ce9b"}
,"/home/savi/Desktop/Projects/Gambit/server/src/controllers/leaderboard.controller.js": {"path":"/home/savi/Desktop/Projects/Gambit/server/src/controllers/leaderboard.controller.js","statementMap":{"0":{"start":{"line":1,"column":18},"end":{"line":1,"column":37}},"1":{"start":{"line":2,"column":18},"end":{"line":2,"column":37}},"2":{"start":{"line":3,"column":13},"end":{"line":3,"column":44}},"3":{"start":{"line":4,"column":14},"end":{"line":4,"column":46}},"4":{"start":{"line":6,"column":20},"end":{"line":25,"column":1}},"5":{"start":{"line":7,"column":1},"end":{"line":7,"column":51}},"6":{"start":{"line":8,"column":1},"end":{"line":8,"column":52}},"7":{"start":{"line":9,"column":1},"end":{"line":9,"column":50}},"8":{"start":{"line":10,"column":1},"end":{"line":24,"column":2}},"9":{"start":{"line":12,"column":2},"end":{"line":12,"column":87}},"10":{"start":{"line":13,"column":2},"end":{"line":13,"column":86}},"11":{"start":{"line":15,"column":6},"end":{"line":24,"column":2}},"12":{"start":{"line":17,"column":2},"end":{"line":17,"column":86}},"13":{"start":{"line":18,"column":2},"end":{"line":18,"column":87}},"14":{"start":{"line":22,"column":2},"end":{"line":22,"column":86}},"15":{"start":{"line":23,"column":2},"end":{"line":23,"column":87}},"16":{"start":{"line":27,"column":19},"end":{"line":54,"column":1}},"17":{"start":{"line":28,"column":2},"end":{"line":53,"column":3}},"18":{"start":{"line":29,"column":18},"end":{"line":29,"column":70}},"19":{"start":{"line":30,"column":4},"end":{"line":36,"column":11}},"20":{"start":{"line":31,"column":6},"end":{"line":36,"column":11}},"21":{"start":{"line":39,"column":43},"end":{"line":39,"column":48}},"22":{"start":{"line":41,"column":4},"end":{"line":49,"column":13}},"23":{"start":{"line":52,"column":4},"end":{"line":52,"column":14}},"24":{"start":{"line":56,"column":0},"end":{"line":59,"column":2}}},"fnMap":{"0":{"name":"(anonymous_0)","decl":{"start":{"line":6,"column":20},"end":{"line":6,"column":21}},"loc":{"start":{"line":6,"column":49},"end":{"line":25,"column":1}},"line":6},"1":{"name":"(anonymous_1)","decl":{"start":{"line":27,"column":19},"end":{"line":27,"column":20}},"loc":{"start":{"line":27,"column":45},"end":{"line":54,"column":1}},"line":27}},"branchMap":{"0":{"loc":{"start":{"line":10,"column":1},"end":{"line":24,"column":2}},"type":"if","locations":[{"start":{"line":10,"column":1},"end":{"line":24,"column":2}},{"start":{"line":15,"column":6},"end":{"line":24,"column":2}}],"line":10},"1":{"loc":{"start":{"line":10,"column":4},"end":{"line":10,"column":59}},"type":"binary-expr","locations":[{"start":{"line":10,"column":4},"end":{"line":10,"column":34}},{"start":{"line":10,"column":38},"end":{"line":10,"column":59}}],"line":10},"2":{"loc":{"start":{"line":15,"column":6},"end":{"line":24,"column":2}},"type":"if","locations":[{"start":{"line":15,"column":6},"end":{"line":24,"column":2}},{"start":{"line":21,"column":1},"end":{"line":24,"column":2}}],"line":15},"3":{"loc":{"start":{"line":15,"column":9},"end":{"line":15,"column":64}},"type":"binary-expr","locations":[{"start":{"line":15,"column":9},"end":{"line":15,"column":39}},{"start":{"line":15,"column":43},"end":{"line":15,"column":64}}],"line":15},"4":{"loc":{"start":{"line":30,"column":4},"end":{"line":36,"column":11}},"type":"if","locations":[{"start":{"line":30,"column":4},"end":{"line":36,"column":11}},{"start":{},"end":{}}],"line":30}},"s":{"0":3,"1":3,"2":3,"3":3,"4":3,"5":3,"6":3,"7":3,"8":3,"9":1,"10":1,"11":2,"12":1,"13":1,"14":1,"15":1,"16":3,"17":2,"18":2,"19":2,"20":1,"21":1,"22":1,"23":0,"24":3},"f":{"0":3,"1":2},"b":{"0":[1,2],"1":[3,2],"2":[1,1],"3":[2,1],"4":[1,1]},"_coverageSchema":"1a1c01bbd47fc00a2c39e90264f33305004495a9","hash":"5c1fd2624906c1f628c28504ca7b8e27e412dfb6"}
,"/home/savi/Desktop/Projects/Gambit/server/src/controllers/profile.controller.js": {"path":"/home/savi/Desktop/Projects/Gambit/server/src/controllers/profile.controller.js","statementMap":{"0":{"start":{"line":1,"column":16},"end":{"line":1,"column":50}},"1":{"start":{"line":5,"column":21},"end":{"line":34,"column":1}},"2":{"start":{"line":6,"column":2},"end":{"line":33,"column":3}},"3":{"start":{"line":7,"column":20},"end":{"line":7,"column":74}},"4":{"start":{"line":8,"column":4},"end":{"line":14,"column":11}},"5":{"start":{"line":9,"column":6},"end":{"line":14,"column":11}},"6":{"start":{"line":17,"column":65},"end":{"line":17,"column":72}},"7":{"start":{"line":19,"column":4},"end":{"line":29,"column":13}},"8":{"start":{"line":32,"column":4},"end":{"line":32,"column":14}},"9":{"start":{"line":37,"column":22},"end":{"line":80,"column":1}},"10":{"start":{"line":39,"column":2},"end":{"line":78,"column":3}},"11":{"start":{"line":40,"column":20},"end":{"line":61,"column":25}},"12":{"start":{"line":63,"column":57},"end":{"line":63,"column":64}},"13":{"start":{"line":65,"column":4},"end":{"line":73,"column":7}},"14":{"start":{"line":77,"column":4},"end":{"line":77,"column":50}},"15":{"start":{"line":82,"column":0},"end":{"line":85,"column":2}}},"fnMap":{"0":{"name":"(anonymous_0)","decl":{"start":{"line":5,"column":21},"end":{"line":5,"column":22}},"loc":{"start":{"line":5,"column":47},"end":{"line":34,"column":1}},"line":5},"1":{"name":"(anonymous_1)","decl":{"start":{"line":37,"column":22},"end":{"line":37,"column":23}},"loc":{"start":{"line":37,"column":42},"end":{"line":80,"column":1}},"line":37}},"branchMap":{"0":{"loc":{"start":{"line":8,"column":4},"end":{"line":14,"column":11}},"type":"if","locations":[{"start":{"line":8,"column":4},"end":{"line":14,"column":11}},{"start":{},"end":{}}],"line":8}},"s":{"0":2,"1":2,"2":0,"3":0,"4":0,"5":0,"6":0,"7":0,"8":0,"9":2,"10":0,"11":0,"12":0,"13":0,"14":0,"15":2},"f":{"0":0,"1":0},"b":{"0":[0,0]},"_coverageSchema":"1a1c01bbd47fc00a2c39e90264f33305004495a9","hash":"8ba6edf58ae08b0e624e0c574ec8a6b452af13cd"}
,"/home/savi/Desktop/Projects/Gambit/server/src/controllers/user.controller.js": {"path":"/home/savi/Desktop/Projects/Gambit/server/src/controllers/user.controller.js","statementMap":{"0":{"start":{"line":1,"column":13},"end":{"line":1,"column":44}},"1":{"start":{"line":2,"column":16},"end":{"line":2,"column":50}},"2":{"start":{"line":3,"column":14},"end":{"line":3,"column":46}},"3":{"start":{"line":4,"column":14},"end":{"line":4,"column":49}},"4":{"start":{"line":5,"column":25},"end":{"line":5,"column":53}},"5":{"start":{"line":6,"column":17},"end":{"line":6,"column":53}},"6":{"start":{"line":7,"column":25},"end":{"line":7,"column":55}},"7":{"start":{"line":8,"column":14},"end":{"line":8,"column":30}},"8":{"start":{"line":9,"column":21},"end":{"line":9,"column":60}},"9":{"start":{"line":10,"column":23},"end":{"line":10,"column":51}},"10":{"start":{"line":11,"column":27},"end":{"line":11,"column":59}},"11":{"start":{"line":13,"column":25},"end":{"line":13,"column":60}},"12":{"start":{"line":14,"column":19},"end":{"line":14,"column":33}},"13":{"start":{"line":22,"column":21},"end":{"line":69,"column":1}},"14":{"start":{"line":24,"column":25},"end":{"line":24,"column":55}},"15":{"start":{"line":26,"column":18},"end":{"line":31,"column":4}},"16":{"start":{"line":33,"column":15},"end":{"line":33,"column":35}},"17":{"start":{"line":35,"column":21},"end":{"line":55,"column":4}},"18":{"start":{"line":57,"column":18},"end":{"line":57,"column":41}},"19":{"start":{"line":59,"column":19},"end":{"line":64,"column":4}},"20":{"start":{"line":66,"column":16},"end":{"line":66,"column":37}},"21":{"start":{"line":68,"column":2},"end":{"line":68,"column":14}},"22":{"start":{"line":72,"column":27},"end":{"line":82,"column":1}},"23":{"start":{"line":74,"column":50},"end":{"line":74,"column":64}},"24":{"start":{"line":76,"column":15},"end":{"line":76,"column":77}},"25":{"start":{"line":77,"column":18},"end":{"line":78,"column":115}},"26":{"start":{"line":79,"column":2},"end":{"line":79,"column":73}},"27":{"start":{"line":80,"column":2},"end":{"line":80,"column":14}},"28":{"start":{"line":85,"column":26},"end":{"line":108,"column":1}},"29":{"start":{"line":87,"column":19},"end":{"line":87,"column":37}},"30":{"start":{"line":88,"column":16},"end":{"line":88,"column":35}},"31":{"start":{"line":89,"column":17},"end":{"line":89,"column":55}},"32":{"start":{"line":92,"column":19},"end":{"line":95,"column":4}},"33":{"start":{"line":97,"column":17},"end":{"line":97,"column":57}},"34":{"start":{"line":99,"column":2},"end":{"line":101,"column":3}},"35":{"start":{"line":100,"column":4},"end":{"line":100,"column":52}},"36":{"start":{"line":103,"column":15},"end":{"line":103,"column":76}},"37":{"start":{"line":104,"column":18},"end":{"line":104,"column":139}},"38":{"start":{"line":105,"column":2},"end":{"line":105,"column":73}},"39":{"start":{"line":106,"column":2},"end":{"line":106,"column":14}},"40":{"start":{"line":111,"column":27},"end":{"line":135,"column":1}},"41":{"start":{"line":113,"column":19},"end":{"line":113,"column":23}},"42":{"start":{"line":114,"column":16},"end":{"line":114,"column":36}},"43":{"start":{"line":115,"column":17},"end":{"line":115,"column":40}},"44":{"start":{"line":116,"column":21},"end":{"line":116,"column":46}},"45":{"start":{"line":119,"column":19},"end":{"line":122,"column":4}},"46":{"start":{"line":124,"column":17},"end":{"line":124,"column":57}},"47":{"start":{"line":126,"column":2},"end":{"line":128,"column":3}},"48":{"start":{"line":127,"column":4},"end":{"line":127,"column":52}},"49":{"start":{"line":130,"column":15},"end":{"line":130,"column":88}},"50":{"start":{"line":131,"column":18},"end":{"line":131,"column":139}},"51":{"start":{"line":132,"column":2},"end":{"line":132,"column":72}},"52":{"start":{"line":133,"column":2},"end":{"line":133,"column":14}},"53":{"start":{"line":138,"column":17},"end":{"line":163,"column":1}},"54":{"start":{"line":140,"column":2},"end":{"line":161,"column":3}},"55":{"start":{"line":141,"column":19},"end":{"line":141,"column":70}},"56":{"start":{"line":143,"column":4},"end":{"line":144,"column":134}},"57":{"start":{"line":144,"column":6},"end":{"line":144,"column":134}},"58":{"start":{"line":146,"column":4},"end":{"line":146,"column":65}},"59":{"start":{"line":148,"column":4},"end":{"line":149,"column":129}},"60":{"start":{"line":149,"column":6},"end":{"line":149,"column":129}},"61":{"start":{"line":152,"column":17},"end":{"line":152,"column":51}},"62":{"start":{"line":154,"column":4},"end":{"line":157,"column":7}},"63":{"start":{"line":160,"column":4},"end":{"line":160,"column":50}},"64":{"start":{"line":170,"column":21},"end":{"line":212,"column":1}},"65":{"start":{"line":172,"column":2},"end":{"line":210,"column":3}},"66":{"start":{"line":174,"column":21},"end":{"line":174,"column":122}},"67":{"start":{"line":175,"column":26},"end":{"line":175,"column":42}},"68":{"start":{"line":178,"column":19},"end":{"line":178,"column":72}},"69":{"start":{"line":181,"column":4},"end":{"line":194,"column":5}},"70":{"start":{"line":183,"column":6},"end":{"line":183,"column":70}},"71":{"start":{"line":184,"column":26},"end":{"line":184,"column":50}},"72":{"start":{"line":185,"column":6},"end":{"line":193,"column":11}},"73":{"start":{"line":196,"column":17},"end":{"line":196,"column":55}},"74":{"start":{"line":198,"column":24},"end":{"line":198,"column":44}},"75":{"start":{"line":200,"column":4},"end":{"line":207,"column":7}},"76":{"start":{"line":209,"column":4},"end":{"line":209,"column":50}},"77":{"start":{"line":216,"column":22},"end":{"line":253,"column":1}},"78":{"start":{"line":218,"column":2},"end":{"line":251,"column":3}},"79":{"start":{"line":219,"column":15},"end":{"line":219,"column":19}},"80":{"start":{"line":220,"column":18},"end":{"line":220,"column":22}},"81":{"start":{"line":221,"column":16},"end":{"line":221,"column":20}},"82":{"start":{"line":224,"column":17},"end":{"line":228,"column":6}},"83":{"start":{"line":230,"column":4},"end":{"line":230,"column":43}},"84":{"start":{"line":232,"column":4},"end":{"line":234,"column":7}},"85":{"start":{"line":236,"column":4},"end":{"line":244,"column":5}},"86":{"start":{"line":238,"column":6},"end":{"line":238,"column":64}},"87":{"start":{"line":239,"column":6},"end":{"line":239,"column":93}},"88":{"start":{"line":242,"column":6},"end":{"line":242,"column":54}},"89":{"start":{"line":243,"column":6},"end":{"line":243,"column":109}},"90":{"start":{"line":246,"column":4},"end":{"line":247,"column":35}},"91":{"start":{"line":246,"column":14},"end":{"line":246,"column":38}},"92":{"start":{"line":247,"column":9},"end":{"line":247,"column":35}},"93":{"start":{"line":250,"column":4},"end":{"line":250,"column":28}},"94":{"start":{"line":256,"column":14},"end":{"line":299,"column":1}},"95":{"start":{"line":257,"column":2},"end":{"line":297,"column":3}},"96":{"start":{"line":258,"column":17},"end":{"line":258,"column":68}},"97":{"start":{"line":259,"column":4},"end":{"line":265,"column":11}},"98":{"start":{"line":260,"column":6},"end":{"line":265,"column":11}},"99":{"start":{"line":267,"column":4},"end":{"line":272,"column":5}},"100":{"start":{"line":268,"column":6},"end":{"line":271,"column":8}},"101":{"start":{"line":274,"column":28},"end":{"line":274,"column":88}},"102":{"start":{"line":275,"column":4},"end":{"line":292,"column":11}},"103":{"start":{"line":276,"column":26},"end":{"line":276,"column":46}},"104":{"start":{"line":277,"column":6},"end":{"line":285,"column":11}},"105":{"start":{"line":287,"column":6},"end":{"line":292,"column":11}},"106":{"start":{"line":295,"column":4},"end":{"line":295,"column":21}},"107":{"start":{"line":296,"column":4},"end":{"line":296,"column":50}},"108":{"start":{"line":303,"column":16},"end":{"line":325,"column":1}},"109":{"start":{"line":304,"column":13},"end":{"line":304,"column":28}},"110":{"start":{"line":306,"column":2},"end":{"line":308,"column":3}},"111":{"start":{"line":307,"column":4},"end":{"line":307,"column":68}},"112":{"start":{"line":309,"column":13},"end":{"line":309,"column":42}},"113":{"start":{"line":311,"column":2},"end":{"line":313,"column":3}},"114":{"start":{"line":312,"column":4},"end":{"line":312,"column":68}},"115":{"start":{"line":315,"column":2},"end":{"line":317,"column":3}},"116":{"start":{"line":316,"column":4},"end":{"line":316,"column":61}},"117":{"start":{"line":319,"column":2},"end":{"line":321,"column":5}},"118":{"start":{"line":323,"column":2},"end":{"line":323,"column":38}},"119":{"start":{"line":324,"column":2},"end":{"line":324,"column":50}},"120":{"start":{"line":328,"column":30},"end":{"line":367,"column":1}},"121":{"start":{"line":329,"column":16},"end":{"line":329,"column":18}},"122":{"start":{"line":330,"column":13},"end":{"line":330,"column":30}},"123":{"start":{"line":332,"column":2},"end":{"line":349,"column":3}},"124":{"start":{"line":333,"column":17},"end":{"line":333,"column":25}},"125":{"start":{"line":334,"column":24},"end":{"line":334,"column":44}},"126":{"start":{"line":335,"column":4},"end":{"line":341,"column":6}},"127":{"start":{"line":342,"column":4},"end":{"line":342,"column":26}},"128":{"start":{"line":344,"column":4},"end":{"line":347,"column":6}},"129":{"start":{"line":348,"column":4},"end":{"line":348,"column":21}},"130":{"start":{"line":350,"column":15},"end":{"line":364,"column":3}},"131":{"start":{"line":365,"column":2},"end":{"line":365,"column":74}},"132":{"start":{"line":366,"column":2},"end":{"line":366,"column":24}},"133":{"start":{"line":377,"column":23},"end":{"line":407,"column":1}},"134":{"start":{"line":379,"column":2},"end":{"line":405,"column":3}},"135":{"start":{"line":380,"column":24},"end":{"line":380,"column":44}},"136":{"start":{"line":381,"column":24},"end":{"line":381,"column":44}},"137":{"start":{"line":382,"column":19},"end":{"line":382,"column":34}},"138":{"start":{"line":384,"column":17},"end":{"line":384,"column":44}},"139":{"start":{"line":386,"column":18},"end":{"line":386,"column":72}},"140":{"start":{"line":388,"column":4},"end":{"line":393,"column":5}},"141":{"start":{"line":389,"column":6},"end":{"line":392,"column":8}},"142":{"start":{"line":395,"column":4},"end":{"line":395,"column":44}},"143":{"start":{"line":398,"column":4},"end":{"line":401,"column":6}},"144":{"start":{"line":403,"column":4},"end":{"line":403,"column":23}},"145":{"start":{"line":404,"column":4},"end":{"line":404,"column":61}},"146":{"start":{"line":410,"column":18},"end":{"line":433,"column":1}},"147":{"start":{"line":412,"column":16},"end":{"line":412,"column":30}},"148":{"start":{"line":414,"column":18},"end":{"line":414,"column":58}},"149":{"start":{"line":416,"column":2},"end":{"line":420,"column":3}},"150":{"start":{"line":417,"column":4},"end":{"line":419,"column":6}},"151":{"start":{"line":422,"column":15},"end":{"line":422,"column":66}},"152":{"start":{"line":423,"column":16},"end":{"line":423,"column":62}},"153":{"start":{"line":425,"column":18},"end":{"line":425,"column":127}},"154":{"start":{"line":427,"column":2},"end":{"line":427,"column":51}},"155":{"start":{"line":429,"column":2},"end":{"line":431,"column":4}},"156":{"start":{"line":436,"column":22},"end":{"line":465,"column":1}},"157":{"start":{"line":438,"column":2},"end":{"line":463,"column":3}},"158":{"start":{"line":439,"column":21},"end":{"line":439,"column":38}},"159":{"start":{"line":440,"column":15},"end":{"line":440,"column":26}},"160":{"start":{"line":441,"column":4},"end":{"line":445,"column":5}},"161":{"start":{"line":442,"column":6},"end":{"line":444,"column":8}},"162":{"start":{"line":446,"column":17},"end":{"line":446,"column":49}},"163":{"start":{"line":448,"column":4},"end":{"line":452,"column":5}},"164":{"start":{"line":449,"column":6},"end":{"line":451,"column":8}},"165":{"start":{"line":454,"column":4},"end":{"line":456,"column":6}},"166":{"start":{"line":459,"column":4},"end":{"line":459,"column":23}},"167":{"start":{"line":460,"column":4},"end":{"line":462,"column":6}},"168":{"start":{"line":467,"column":0},"end":{"line":477,"column":2}}},"fnMap":{"0":{"name":"(anonymous_0)","decl":{"start":{"line":22,"column":21},"end":{"line":22,"column":22}},"loc":{"start":{"line":22,"column":92},"end":{"line":69,"column":1}},"line":22},"1":{"name":"(anonymous_1)","decl":{"start":{"line":72,"column":27},"end":{"line":72,"column":28}},"loc":{"start":{"line":72,"column":53},"end":{"line":82,"column":1}},"line":72},"2":{"name":"(anonymous_2)","decl":{"start":{"line":85,"column":26},"end":{"line":85,"column":27}},"loc":{"start":{"line":85,"column":51},"end":{"line":108,"column":1}},"line":85},"3":{"name":"(anonymous_3)","decl":{"start":{"line":111,"column":27},"end":{"line":111,"column":28}},"loc":{"start":{"line":111,"column":53},"end":{"line":135,"column":1}},"line":111},"4":{"name":"(anonymous_4)","decl":{"start":{"line":138,"column":17},"end":{"line":138,"column":18}},"loc":{"start":{"line":138,"column":37},"end":{"line":163,"column":1}},"line":138},"5":{"name":"(anonymous_5)","decl":{"start":{"line":170,"column":21},"end":{"line":170,"column":22}},"loc":{"start":{"line":170,"column":41},"end":{"line":212,"column":1}},"line":170},"6":{"name":"(anonymous_6)","decl":{"start":{"line":216,"column":22},"end":{"line":216,"column":23}},"loc":{"start":{"line":216,"column":81},"end":{"line":253,"column":1}},"line":216},"7":{"name":"(anonymous_7)","decl":{"start":{"line":256,"column":14},"end":{"line":256,"column":15}},"loc":{"start":{"line":256,"column":40},"end":{"line":299,"column":1}},"line":256},"8":{"name":"(anonymous_8)","decl":{"start":{"line":303,"column":16},"end":{"line":303,"column":17}},"loc":{"start":{"line":303,"column":36},"end":{"line":325,"column":1}},"line":303},"9":{"name":"(anonymous_9)","decl":{"start":{"line":328,"column":30},"end":{"line":328,"column":31}},"loc":{"start":{"line":328,"column":44},"end":{"line":367,"column":1}},"line":328},"10":{"name":"(anonymous_10)","decl":{"start":{"line":377,"column":23},"end":{"line":377,"column":24}},"loc":{"start":{"line":377,"column":43},"end":{"line":407,"column":1}},"line":377},"11":{"name":"(anonymous_11)","decl":{"start":{"line":410,"column":18},"end":{"line":410,"column":19}},"loc":{"start":{"line":410,"column":38},"end":{"line":433,"column":1}},"line":410},"12":{"name":"(anonymous_12)","decl":{"start":{"line":436,"column":22},"end":{"line":436,"column":23}},"loc":{"start":{"line":436,"column":42},"end":{"line":465,"column":1}},"line":436}},"branchMap":{"0":{"loc":{"start":{"line":22,"column":73},"end":{"line":22,"column":87}},"type":"default-arg","locations":[{"start":{"line":22,"column":83},"end":{"line":22,"column":87}}],"line":22},"1":{"loc":{"start":{"line":99,"column":2},"end":{"line":101,"column":3}},"type":"if","locations":[{"start":{"line":99,"column":2},"end":{"line":101,"column":3}},{"start":{},"end":{}}],"line":99},"2":{"loc":{"start":{"line":126,"column":2},"end":{"line":128,"column":3}},"type":"if","locations":[{"start":{"line":126,"column":2},"end":{"line":128,"column":3}},{"start":{},"end":{}}],"line":126},"3":{"loc":{"start":{"line":143,"column":4},"end":{"line":144,"column":134}},"type":"if","locations":[{"start":{"line":143,"column":4},"end":{"line":144,"column":134}},{"start":{},"end":{}}],"line":143},"4":{"loc":{"start":{"line":148,"column":4},"end":{"line":149,"column":129}},"type":"if","locations":[{"start":{"line":148,"column":4},"end":{"line":149,"column":129}},{"start":{},"end":{}}],"line":148},"5":{"loc":{"start":{"line":181,"column":4},"end":{"line":194,"column":5}},"type":"if","locations":[{"start":{"line":181,"column":4},"end":{"line":194,"column":5}},{"start":{},"end":{}}],"line":181},"6":{"loc":{"start":{"line":236,"column":4},"end":{"line":244,"column":5}},"type":"if","locations":[{"start":{"line":236,"column":4},"end":{"line":244,"column":5}},{"start":{"line":240,"column":11},"end":{"line":244,"column":5}}],"line":236},"7":{"loc":{"start":{"line":239,"column":14},"end":{"line":239,"column":92}},"type":"binary-expr","locations":[{"start":{"line":239,"column":14},"end":{"line":239,"column":18}},{"start":{"line":239,"column":22},"end":{"line":239,"column":92}}],"line":239},"8":{"loc":{"start":{"line":243,"column":14},"end":{"line":243,"column":108}},"type":"binary-expr","locations":[{"start":{"line":243,"column":14},"end":{"line":243,"column":19}},{"start":{"line":243,"column":23},"end":{"line":243,"column":108}}],"line":243},"9":{"loc":{"start":{"line":246,"column":4},"end":{"line":247,"column":35}},"type":"if","locations":[{"start":{"line":246,"column":4},"end":{"line":247,"column":35}},{"start":{"line":247,"column":9},"end":{"line":247,"column":35}}],"line":246},"10":{"loc":{"start":{"line":259,"column":4},"end":{"line":265,"column":11}},"type":"if","locations":[{"start":{"line":259,"column":4},"end":{"line":265,"column":11}},{"start":{},"end":{}}],"line":259},"11":{"loc":{"start":{"line":267,"column":4},"end":{"line":272,"column":5}},"type":"if","locations":[{"start":{"line":267,"column":4},"end":{"line":272,"column":5}},{"start":{},"end":{}}],"line":267},"12":{"loc":{"start":{"line":275,"column":4},"end":{"line":292,"column":11}},"type":"if","locations":[{"start":{"line":275,"column":4},"end":{"line":292,"column":11}},{"start":{"line":287,"column":6},"end":{"line":292,"column":11}}],"line":275},"13":{"loc":{"start":{"line":306,"column":2},"end":{"line":308,"column":3}},"type":"if","locations":[{"start":{"line":306,"column":2},"end":{"line":308,"column":3}},{"start":{},"end":{}}],"line":306},"14":{"loc":{"start":{"line":311,"column":2},"end":{"line":313,"column":3}},"type":"if","locations":[{"start":{"line":311,"column":2},"end":{"line":313,"column":3}},{"start":{},"end":{}}],"line":311},"15":{"loc":{"start":{"line":315,"column":2},"end":{"line":317,"column":3}},"type":"if","locations":[{"start":{"line":315,"column":2},"end":{"line":317,"column":3}},{"start":{},"end":{}}],"line":315},"16":{"loc":{"start":{"line":332,"column":2},"end":{"line":349,"column":3}},"type":"if","locations":[{"start":{"line":332,"column":2},"end":{"line":349,"column":3}},{"start":{"line":343,"column":9},"end":{"line":349,"column":3}}],"line":332},"17":{"loc":{"start":{"line":388,"column":4},"end":{"line":393,"column":5}},"type":"if","locations":[{"start":{"line":388,"column":4},"end":{"line":393,"column":5}},{"start":{},"end":{}}],"line":388},"18":{"loc":{"start":{"line":416,"column":2},"end":{"line":420,"column":3}},"type":"if","locations":[{"start":{"line":416,"column":2},"end":{"line":420,"column":3}},{"start":{},"end":{}}],"line":416},"19":{"loc":{"start":{"line":441,"column":4},"end":{"line":445,"column":5}},"type":"if","locations":[{"start":{"line":441,"column":4},"end":{"line":445,"column":5}},{"start":{},"end":{}}],"line":441},"20":{"loc":{"start":{"line":448,"column":4},"end":{"line":452,"column":5}},"type":"if","locations":[{"start":{"line":448,"column":4},"end":{"line":452,"column":5}},{"start":{},"end":{}}],"line":448}},"s":{"0":2,"1":2,"2":2,"3":2,"4":2,"5":2,"6":2,"7":2,"8":2,"9":2,"10":2,"11":2,"12":2,"13":2,"14":0,"15":0,"16":0,"17":0,"18":0,"19":0,"20":0,"21":0,"22":2,"23":0,"24":0,"25":0,"26":0,"27":0,"28":2,"29":0,"30":0,"31":0,"32":0,"33":0,"34":0,"35":0,"36":0,"37":0,"38":0,"39":0,"40":2,"41":0,"42":0,"43":0,"44":0,"45":0,"46":0,"47":0,"48":0,"49":0,"50":0,"51":0,"52":0,"53":2,"54":1,"55":1,"56":1,"57":1,"58":0,"59":0,"60":0,"61":0,"62":0,"63":0,"64":2,"65":0,"66":0,"67":0,"68":0,"69":0,"70":0,"71":0,"72":0,"73":0,"74":0,"75":0,"76":0,"77":2,"78":0,"79":0,"80":0,"81":0,"82":0,"83":0,"84":0,"85":0,"86":0,"87":0,"88":0,"89":0,"90":0,"91":0,"92":0,"93":0,"94":2,"95":3,"96":3,"97":3,"98":1,"99":2,"100":1,"101":1,"102":1,"103":0,"104":0,"105":1,"106":0,"107":0,"108":2,"109":2,"110":2,"111":1,"112":1,"113":1,"114":0,"115":1,"116":1,"117":0,"118":0,"119":0,"120":2,"121":0,"122":0,"123":0,"124":0,"125":0,"126":0,"127":0,"128":0,"129":0,"130":0,"131":0,"132":0,"133":2,"134":0,"135":0,"136":0,"137":0,"138":0,"139":0,"140":0,"141":0,"142":0,"143":0,"144":0,"145":0,"146":2,"147":0,"148":0,"149":0,"150":0,"151":0,"152":0,"153":0,"154":0,"155":0,"156":2,"157":0,"158":0,"159":0,"160":0,"161":0,"162":0,"163":0,"164":0,"165":0,"166":0,"167":0,"168":2},"f":{"0":0,"1":0,"2":0,"3":0,"4":1,"5":0,"6":0,"7":3,"8":2,"9":0,"10":0,"11":0,"12":0},"b":{"0":[0],"1":[0,0],"2":[0,0],"3":[1,0],"4":[0,0],"5":[0,0],"6":[0,0],"7":[0,0],"8":[0,0],"9":[0,0],"10":[1,2],"11":[1,1],"12":[0,1],"13":[1,1],"14":[0,1],"15":[1,0],"16":[0,0],"17":[0,0],"18":[0,0],"19":[0,0],"20":[0,0]},"_coverageSchema":"1a1c01bbd47fc00a2c39e90264f33305004495a9","hash":"599c7dad2b63784db2a5761e11b52c026a2e5362"}
,"/home/savi/Desktop/Projects/Gambit/server/src/models/game.model.js": {"path":"/home/savi/Desktop/Projects/Gambit/server/src/models/game.model.js","statementMap":{"0":{"start":{"line":1,"column":26},"end":{"line":1,"column":45}},"1":{"start":{"line":4,"column":19},"end":{"line":15,"column":2}},"2":{"start":{"line":17,"column":0},"end":{"line":17,"column":52}}},"fnMap":{},"branchMap":{},"s":{"0":4,"1":4,"2":4},"f":{},"b":{},"_coverageSchema":"1a1c01bbd47fc00a2c39e90264f33305004495a9","hash":"5083b73a1ed669e3c22b0e2d3783011db5920bc9"}
,"/home/savi/Desktop/Projects/Gambit/server/src/models/profile.model.js": {"path":"/home/savi/Desktop/Projects/Gambit/server/src/models/profile.model.js","statementMap":{"0":{"start":{"line":1,"column":26},"end":{"line":1,"column":45}},"1":{"start":{"line":4,"column":22},"end":{"line":24,"column":2}},"2":{"start":{"line":26,"column":0},"end":{"line":26,"column":61}}},"fnMap":{},"branchMap":{},"s":{"0":3,"1":3,"2":3},"f":{},"b":{},"_coverageSchema":"1a1c01bbd47fc00a2c39e90264f33305004495a9","hash":"c4c7bf4c85fe14066129bba2fb6d95d5a903e3fb"}
,"/home/savi/Desktop/Projects/Gambit/server/src/models/score.model.js": {"path":"/home/savi/Desktop/Projects/Gambit/server/src/models/score.model.js","statementMap":{"0":{"start":{"line":1,"column":26},"end":{"line":1,"column":45}},"1":{"start":{"line":4,"column":20},"end":{"line":9,"column":2}},"2":{"start":{"line":11,"column":0},"end":{"line":11,"column":55}}},"fnMap":{},"branchMap":{},"s":{"0":4,"1":4,"2":4},"f":{},"b":{},"_coverageSchema":"1a1c01bbd47fc00a2c39e90264f33305004495a9","hash":"4c12b6620993c32ef204d44f61faec50e6538827"}
,"/home/savi/Desktop/Projects/Gambit/server/src/models/user.model.js": {"path":"/home/savi/Desktop/Projects/Gambit/server/src/models/user.model.js","statementMap":{"0":{"start":{"line":1,"column":26},"end":{"line":1,"column":45}},"1":{"start":{"line":4,"column":19},"end":{"line":9,"column":2}},"2":{"start":{"line":11,"column":0},"end":{"line":11,"column":52}}},"fnMap":{},"branchMap":{},"s":{"0":4,"1":4,"2":4},"f":{},"b":{},"_coverageSchema":"1a1c01bbd47fc00a2c39e90264f33305004495a9","hash":"1e86974d88291ba9b25873d6ab8191cdb0d2df8a"}
,"/home/savi/Desktop/Projects/Gambit/server/src/routes/game.route.js": {"path":"/home/savi/Desktop/Projects/Gambit/server/src/routes/game.route.js","statementMap":{"0":{"start":{"line":1,"column":19},"end":{"line":1,"column":37}},"1":{"start":{"line":2,"column":29},"end":{"line":2,"column":70}},"2":{"start":{"line":3,"column":19},"end":{"line":3,"column":27}},"3":{"start":{"line":6,"column":0},"end":{"line":6,"column":49}},"4":{"start":{"line":8,"column":0},"end":{"line":8,"column":28}}},"fnMap":{},"branchMap":{},"s":{"0":2,"1":2,"2":2,"3":2,"4":2},"f":{},"b":{},"_coverageSchema":"1a1c01bbd47fc00a2c39e90264f33305004495a9","hash":"794ad6bcb4845f36828360b3a6c395e2249e2c8e"}
,"/home/savi/Desktop/Projects/Gambit/server/src/routes/profile.route.js": {"path":"/home/savi/Desktop/Projects/Gambit/server/src/routes/profile.route.js","statementMap":{"0":{"start":{"line":1,"column":19},"end":{"line":1,"column":37}},"1":{"start":{"line":2,"column":17},"end":{"line":2,"column":36}},"2":{"start":{"line":3,"column":40},"end":{"line":3,"column":84}},"3":{"start":{"line":4,"column":22},"end":{"line":4,"column":70}},"4":{"start":{"line":5,"column":22},"end":{"line":5,"column":30}},"5":{"start":{"line":8,"column":0},"end":{"line":8,"column":51}},"6":{"start":{"line":9,"column":0},"end":{"line":9,"column":47}},"7":{"start":{"line":10,"column":0},"end":{"line":10,"column":102}},"8":{"start":{"line":12,"column":0},"end":{"line":12,"column":31}}},"fnMap":{},"branchMap":{},"s":{"0":2,"1":2,"2":2,"3":2,"4":2,"5":2,"6":2,"7":2,"8":2},"f":{},"b":{},"_coverageSchema":"1a1c01bbd47fc00a2c39e90264f33305004495a9","hash":"f0f0c5a6097a10edf28465df81d3e042c37121d4"}
,"/home/savi/Desktop/Projects/Gambit/server/src/routes/socket.route.js": {"path":"/home/savi/Desktop/Projects/Gambit/server/src/routes/socket.route.js","statementMap":{"0":{"start":{"line":3,"column":4},"end":{"line":3,"column":45}},"1":{"start":{"line":6,"column":21},"end":{"line":38,"column":1}},"2":{"start":{"line":8,"column":2},"end":{"line":37,"column":5}},"3":{"start":{"line":9,"column":4},"end":{"line":9,"column":47}},"4":{"start":{"line":11,"column":4},"end":{"line":13,"column":7}},"5":{"start":{"line":12,"column":6},"end":{"line":12,"column":46}},"6":{"start":{"line":15,"column":4},"end":{"line":17,"column":7}},"7":{"start":{"line":16,"column":6},"end":{"line":16,"column":44}},"8":{"start":{"line":19,"column":4},"end":{"line":21,"column":7}},"9":{"start":{"line":20,"column":6},"end":{"line":20,"column":48}},"10":{"start":{"line":23,"column":4},"end":{"line":25,"column":7}},"11":{"start":{"line":24,"column":6},"end":{"line":24,"column":45}},"12":{"start":{"line":27,"column":4},"end":{"line":31,"column":7}},"13":{"start":{"line":28,"column":20},"end":{"line":28,"column":45}},"14":{"start":{"line":29,"column":6},"end":{"line":30,"column":75}},"15":{"start":{"line":30,"column":8},"end":{"line":30,"column":75}},"16":{"start":{"line":30,"column":25},"end":{"line":30,"column":67}},"17":{"start":{"line":33,"column":4},"end":{"line":35,"column":7}},"18":{"start":{"line":34,"column":6},"end":{"line":34,"column":52}},"19":{"start":{"line":40,"column":0},"end":{"line":40,"column":30}}},"fnMap":{"0":{"name":"(anonymous_0)","decl":{"start":{"line":6,"column":21},"end":{"line":6,"column":22}},"loc":{"start":{"line":6,"column":40},"end":{"line":38,"column":1}},"line":6},"1":{"name":"(anonymous_1)","decl":{"start":{"line":8,"column":22},"end":{"line":8,"column":23}},"loc":{"start":{"line":8,"column":32},"end":{"line":37,"column":3}},"line":8},"2":{"name":"(anonymous_2)","decl":{"start":{"line":11,"column":29},"end":{"line":11,"column":30}},"loc":{"start":{"line":11,"column":37},"end":{"line":13,"column":5}},"line":11},"3":{"name":"(anonymous_3)","decl":{"start":{"line":15,"column":27},"end":{"line":15,"column":28}},"loc":{"start":{"line":15,"column":35},"end":{"line":17,"column":5}},"line":15},"4":{"name":"(anonymous_4)","decl":{"start":{"line":19,"column":31},"end":{"line":19,"column":32}},"loc":{"start":{"line":19,"column":39},"end":{"line":21,"column":5}},"line":19},"5":{"name":"(anonymous_5)","decl":{"start":{"line":23,"column":28},"end":{"line":23,"column":29}},"loc":{"start":{"line":23,"column":36},"end":{"line":25,"column":5}},"line":23},"6":{"name":"(anonymous_6)","decl":{"start":{"line":27,"column":31},"end":{"line":27,"column":32}},"loc":{"start":{"line":27,"column":37},"end":{"line":31,"column":5}},"line":27},"7":{"name":"(anonymous_7)","decl":{"start":{"line":30,"column":19},"end":{"line":30,"column":20}},"loc":{"start":{"line":30,"column":25},"end":{"line":30,"column":67}},"line":30},"8":{"name":"(anonymous_8)","decl":{"start":{"line":33,"column":28},"end":{"line":33,"column":29}},"loc":{"start":{"line":33,"column":33},"end":{"line":35,"column":5}},"line":33}},"branchMap":{"0":{"loc":{"start":{"line":29,"column":6},"end":{"line":30,"column":75}},"type":"if","locations":[{"start":{"line":29,"column":6},"end":{"line":30,"column":75}},{"start":{},"end":{}}],"line":29}},"s":{"0":2,"1":2,"2":2,"3":0,"4":0,"5":0,"6":0,"7":0,"8":0,"9":0,"10":0,"11":0,"12":0,"13":0,"14":0,"15":0,"16":0,"17":0,"18":0,"19":2},"f":{"0":2,"1":0,"2":0,"3":0,"4":0,"5":0,"6":0,"7":0,"8":0},"b":{"0":[0,0]},"_coverageSchema":"1a1c01bbd47fc00a2c39e90264f33305004495a9","hash":"8343aada167f82d29a5e400936b1e450c3b9d6c5"}
,"/home/savi/Desktop/Projects/Gambit/server/src/routes/user.route.js": {"path":"/home/savi/Desktop/Projects/Gambit/server/src/routes/user.route.js","statementMap":{"0":{"start":{"line":1,"column":19},"end":{"line":1,"column":37}},"1":{"start":{"line":2,"column":17},"end":{"line":2,"column":36}},"2":{"start":{"line":3,"column":116},"end":{"line":3,"column":157}},"3":{"start":{"line":4,"column":19},"end":{"line":4,"column":27}},"4":{"start":{"line":7,"column":0},"end":{"line":7,"column":33}},"5":{"start":{"line":8,"column":0},"end":{"line":8,"column":39}},"6":{"start":{"line":9,"column":0},"end":{"line":9,"column":48}},"7":{"start":{"line":10,"column":0},"end":{"line":10,"column":68}},"8":{"start":{"line":11,"column":0},"end":{"line":11,"column":120}},"9":{"start":{"line":12,"column":0},"end":{"line":12,"column":37}},"10":{"start":{"line":13,"column":0},"end":{"line":13,"column":46}},"11":{"start":{"line":14,"column":0},"end":{"line":14,"column":99}},"12":{"start":{"line":15,"column":0},"end":{"line":15,"column":101}},"13":{"start":{"line":17,"column":0},"end":{"line":17,"column":28}}},"fnMap":{},"branchMap":{},"s":{"0":2,"1":2,"2":2,"3":2,"4":2,"5":2,"6":2,"7":2,"8":2,"9":2,"10":2,"11":2,"12":2,"13":2},"f":{},"b":{},"_coverageSchema":"1a1c01bbd47fc00a2c39e90264f33305004495a9","hash":"ac6ac6842b7ae4bf404bf5183f3f3e3c5d53567b"}
,"/home/savi/Desktop/Projects/Gambit/server/src/services/auth.service.js": {"path":"/home/savi/Desktop/Projects/Gambit/server/src/services/auth.service.js","statementMap":{"0":{"start":{"line":1,"column":15},"end":{"line":1,"column":32}},"1":{"start":{"line":2,"column":21},"end":{"line":2,"column":44}},"2":{"start":{"line":4,"column":17},"end":{"line":4,"column":62}},"3":{"start":{"line":7,"column":19},"end":{"line":11,"column":1}},"4":{"start":{"line":8,"column":2},"end":{"line":10,"column":21}},"5":{"start":{"line":14,"column":23},"end":{"line":22,"column":1}},"6":{"start":{"line":15,"column":15},"end":{"line":15,"column":53}},"7":{"start":{"line":16,"column":15},"end":{"line":16,"column":37}},"8":{"start":{"line":18,"column":2},"end":{"line":21,"column":4}},"9":{"start":{"line":25,"column":22},"end":{"line":25,"column":75}},"10":{"start":{"line":25,"column":44},"end":{"line":25,"column":75}},"11":{"start":{"line":28,"column":17},"end":{"line":43,"column":1}},"12":{"start":{"line":29,"column":18},"end":{"line":29,"column":22}},"13":{"start":{"line":30,"column":20},"end":{"line":30,"column":26}},"14":{"start":{"line":32,"column":18},"end":{"line":35,"column":3}},"15":{"start":{"line":37,"column":22},"end":{"line":37,"column":104}},"16":{"start":{"line":39,"column":2},"end":{"line":42,"column":3}},"17":{"start":{"line":45,"column":0},"end":{"line":49,"column":2}}},"fnMap":{"0":{"name":"(anonymous_0)","decl":{"start":{"line":7,"column":19},"end":{"line":7,"column":20}},"loc":{"start":{"line":7,"column":35},"end":{"line":11,"column":1}},"line":7},"1":{"name":"(anonymous_1)","decl":{"start":{"line":14,"column":23},"end":{"line":14,"column":24}},"loc":{"start":{"line":14,"column":31},"end":{"line":22,"column":1}},"line":14},"2":{"name":"(anonymous_2)","decl":{"start":{"line":25,"column":22},"end":{"line":25,"column":23}},"loc":{"start":{"line":25,"column":44},"end":{"line":25,"column":75}},"line":25},"3":{"name":"(anonymous_3)","decl":{"start":{"line":28,"column":17},"end":{"line":28,"column":18}},"loc":{"start":{"line":28,"column":40},"end":{"line":43,"column":1}},"line":28}},"branchMap":{"0":{"loc":{"start":{"line":28,"column":24},"end":{"line":28,"column":35}},"type":"default-arg","locations":[{"start":{"line":28,"column":31},"end":{"line":28,"column":35}}],"line":28}},"s":{"0":4,"1":4,"2":4,"3":4,"4":6,"5":4,"6":3,"7":3,"8":3,"9":4,"10":3,"11":4,"12":1,"13":1,"14":1,"15":1,"16":1,"17":4},"f":{"0":6,"1":3,"2":3,"3":1},"b":{"0":[1]},"_coverageSchema":"1a1c01bbd47fc00a2c39e90264f33305004495a9","hash":"aeb9fb4b649d32c5db36bd3aa2db87cdd8f2c8b7"}
,"/home/savi/Desktop/Projects/Gambit/server/src/services/chess.service.js": {"path":"/home/savi/Desktop/Projects/Gambit/server/src/services/chess.service.js","statementMap":{"0":{"start":{"line":2,"column":30},"end":{"line":11,"column":1}},"1":{"start":{"line":3,"column":16},"end":{"line":3,"column":46}},"2":{"start":{"line":4,"column":4},"end":{"line":9,"column":5}},"3":{"start":{"line":4,"column":17},"end":{"line":4,"column":18}},"4":{"start":{"line":4,"column":26},"end":{"line":4,"column":38}},"5":{"start":{"line":5,"column":6},"end":{"line":8,"column":7}},"6":{"start":{"line":6,"column":8},"end":{"line":6,"column":46}},"7":{"start":{"line":7,"column":8},"end":{"line":7,"column":20}},"8":{"start":{"line":10,"column":2},"end":{"line":10,"column":15}},"9":{"start":{"line":14,"column":21},"end":{"line":50,"column":1}},"10":{"start":{"line":17,"column":2},"end":{"line":25,"column":3}},"11":{"start":{"line":18,"column":4},"end":{"line":20,"column":5}},"12":{"start":{"line":19,"column":6},"end":{"line":19,"column":90}},"13":{"start":{"line":21,"column":4},"end":{"line":24,"column":6}},"14":{"start":{"line":28,"column":2},"end":{"line":48,"column":3}},"15":{"start":{"line":29,"column":4},"end":{"line":31,"column":6}},"16":{"start":{"line":32,"column":9},"end":{"line":48,"column":3}},"17":{"start":{"line":33,"column":4},"end":{"line":35,"column":6}},"18":{"start":{"line":36,"column":9},"end":{"line":48,"column":3}},"19":{"start":{"line":37,"column":4},"end":{"line":39,"column":6}},"20":{"start":{"line":40,"column":9},"end":{"line":48,"column":3}},"21":{"start":{"line":41,"column":4},"end":{"line":43,"column":6}},"22":{"start":{"line":45,"column":4},"end":{"line":47,"column":6}},"23":{"start":{"line":53,"column":17},"end":{"line":62,"column":1}},"24":{"start":{"line":54,"column":2},"end":{"line":61,"column":5}},"25":{"start":{"line":64,"column":0},"end":{"line":68,"column":2}}},"fnMap":{"0":{"name":"(anonymous_0)","decl":{"start":{"line":2,"column":30},"end":{"line":2,"column":31}},"loc":{"start":{"line":2,"column":62},"end":{"line":11,"column":1}},"line":2},"1":{"name":"(anonymous_1)","decl":{"start":{"line":14,"column":21},"end":{"line":14,"column":22}},"loc":{"start":{"line":14,"column":58},"end":{"line":50,"column":1}},"line":14},"2":{"name":"(anonymous_2)","decl":{"start":{"line":53,"column":17},"end":{"line":53,"column":18}},"loc":{"start":{"line":53,"column":60},"end":{"line":62,"column":1}},"line":53}},"branchMap":{"0":{"loc":{"start":{"line":5,"column":6},"end":{"line":8,"column":7}},"type":"if","locations":[{"start":{"line":5,"column":6},"end":{"line":8,"column":7}},{"start":{},"end":{}}],"line":5},"1":{"loc":{"start":{"line":5,"column":10},"end":{"line":5,"column":82}},"type":"binary-expr","locations":[{"start":{"line":5,"column":10},"end":{"line":5,"column":44}},{"start":{"line":5,"column":48},"end":{"line":5,"column":82}}],"line":5},"2":{"loc":{"start":{"line":14,"column":29},"end":{"line":14,"column":53}},"type":"default-arg","locations":[{"start":{"line":14,"column":44},"end":{"line":14,"column":53}}],"line":14},"3":{"loc":{"start":{"line":17,"column":2},"end":{"line":25,"column":3}},"type":"if","locations":[{"start":{"line":17,"column":2},"end":{"line":25,"column":3}},{"start":{},"end":{}}],"line":17},"4":{"loc":{"start":{"line":18,"column":4},"end":{"line":20,"column":5}},"type":"if","locations":[{"start":{"line":18,"column":4},"end":{"line":20,"column":5}},{"start":{},"end":{}}],"line":18},"5":{"loc":{"start":{"line":28,"column":2},"end":{"line":48,"column":3}},"type":"if","locations":[{"start":{"line":28,"column":2},"end":{"line":48,"column":3}},{"start":{"line":32,"column":9},"end":{"line":48,"column":3}}],"line":28},"6":{"loc":{"start":{"line":32,"column":9},"end":{"line":48,"column":3}},"type":"if","locations":[{"start":{"line":32,"column":9},"end":{"line":48,"column":3}},{"start":{"line":36,"column":9},"end":{"line":48,"column":3}}],"line":32},"7":{"loc":{"start":{"line":36,"column":9},"end":{"line":48,"column":3}},"type":"if","locations":[{"start":{"line":36,"column":9},"end":{"line":48,"column":3}},{"start":{"line":40,"column":9},"end":{"line":48,"column":3}}],"line":36},"8":{"loc":{"start":{"line":40,"column":9},"end":{"line":48,"column":3}},"type":"if","locations":[{"start":{"line":40,"column":9},"end":{"line":48,"column":3}},{"start":{"line":44,"column":9},"end":{"line":48,"column":3}}],"line":40}},"s":{"0":2,"1":0,"2":0,"3":0,"4":0,"5":0,"6":0,"7":0,"8":0,"9":2,"10":0,"11":0,"12":0,"13":0,"14":0,"15":0,"16":0,"17":0,"18":0,"19":0,"20":0,"21":0,"22":0,"23":2,"24":0,"25":2},"f":{"0":0,"1":0,"2":0},"b":{"0":[0,0],"1":[0,0],"2":[0],"3":[0,0],"4":[0,0],"5":[0,0],"6":[0,0],"7":[0,0],"8":[0,0]},"_coverageSchema":"1a1c01bbd47fc00a2c39e90264f33305004495a9","hash":"8f724218b7cea37ac8dba1a698f668e6ca06366a"}
,"/home/savi/Desktop/Projects/Gambit/server/src/services/email.service.js": {"path":"/home/savi/Desktop/Projects/Gambit/server/src/services/email.service.js","statementMap":{"0":{"start":{"line":1,"column":19},"end":{"line":1,"column":40}},"1":{"start":{"line":2,"column":13},"end":{"line":2,"column":30}},"2":{"start":{"line":3,"column":13},"end":{"line":3,"column":29}},"3":{"start":{"line":4,"column":17},"end":{"line":45,"column":1}},"4":{"start":{"line":6,"column":2},"end":{"line":43,"column":3}},"5":{"start":{"line":9,"column":24},"end":{"line":15,"column":6}},"6":{"start":{"line":18,"column":20},"end":{"line":23,"column":5}},"7":{"start":{"line":25,"column":4},"end":{"line":31,"column":7}},"8":{"start":{"line":26,"column":6},"end":{"line":30,"column":7}},"9":{"start":{"line":27,"column":8},"end":{"line":27,"column":27}},"10":{"start":{"line":29,"column":8},"end":{"line":29,"column":60}},"11":{"start":{"line":35,"column":4},"end":{"line":40,"column":7}},"12":{"start":{"line":36,"column":6},"end":{"line":39,"column":47}},"13":{"start":{"line":37,"column":8},"end":{"line":37,"column":78}},"14":{"start":{"line":39,"column":8},"end":{"line":39,"column":47}},"15":{"start":{"line":42,"column":6},"end":{"line":42,"column":73}},"16":{"start":{"line":46,"column":0},"end":{"line":46,"column":26}}},"fnMap":{"0":{"name":"(anonymous_0)","decl":{"start":{"line":4,"column":17},"end":{"line":4,"column":18}},"loc":{"start":{"line":4,"column":52},"end":{"line":45,"column":1}},"line":4},"1":{"name":"(anonymous_1)","decl":{"start":{"line":25,"column":23},"end":{"line":25,"column":24}},"loc":{"start":{"line":25,"column":48},"end":{"line":31,"column":5}},"line":25},"2":{"name":"(anonymous_2)","decl":{"start":{"line":35,"column":34},"end":{"line":35,"column":35}},"loc":{"start":{"line":35,"column":51},"end":{"line":40,"column":5}},"line":35}},"branchMap":{"0":{"loc":{"start":{"line":26,"column":6},"end":{"line":30,"column":7}},"type":"if","locations":[{"start":{"line":26,"column":6},"end":{"line":30,"column":7}},{"start":{"line":28,"column":13},"end":{"line":30,"column":7}}],"line":26},"1":{"loc":{"start":{"line":36,"column":6},"end":{"line":39,"column":47}},"type":"if","locations":[{"start":{"line":36,"column":6},"end":{"line":39,"column":47}},{"start":{"line":39,"column":8},"end":{"line":39,"column":47}}],"line":36}},"s":{"0":3,"1":3,"2":3,"3":3,"4":1,"5":1,"6":1,"7":1,"8":0,"9":0,"10":0,"11":0,"12":0,"13":0,"14":0,"15":1,"16":3},"f":{"0":1,"1":0,"2":0},"b":{"0":[0,0],"1":[0,0]},"_coverageSchema":"1a1c01bbd47fc00a2c39e90264f33305004495a9","hash":"68fdf4999f661071b85808723c1dd1066edf1b53"}
,"/home/savi/Desktop/Projects/Gambit/server/src/services/keys.service.js": {"path":"/home/savi/Desktop/Projects/Gambit/server/src/services/keys.service.js","statementMap":{"0":{"start":{"line":1,"column":15},"end":{"line":1,"column":32}},"1":{"start":{"line":2,"column":11},"end":{"line":2,"column":24}},"2":{"start":{"line":11,"column":18},"end":{"line":21,"column":4}},"3":{"start":{"line":24,"column":2},"end":{"line":24,"column":69}},"4":{"start":{"line":27,"column":2},"end":{"line":27,"column":71}},"5":{"start":{"line":31,"column":0},"end":{"line":38,"column":1}},"6":{"start":{"line":33,"column":2},"end":{"line":33,"column":15}},"7":{"start":{"line":37,"column":2},"end":{"line":37,"column":30}}},"fnMap":{"0":{"name":"genKeyPair","decl":{"start":{"line":9,"column":9},"end":{"line":9,"column":19}},"loc":{"start":{"line":9,"column":22},"end":{"line":29,"column":1}},"line":9}},"branchMap":{"0":{"loc":{"start":{"line":31,"column":0},"end":{"line":38,"column":1}},"type":"if","locations":[{"start":{"line":31,"column":0},"end":{"line":38,"column":1}},{"start":{"line":35,"column":7},"end":{"line":38,"column":1}}],"line":31}},"s":{"0":1,"1":1,"2":1,"3":1,"4":1,"5":1,"6":0,"7":1},"f":{"0":1},"b":{"0":[0,1]},"_coverageSchema":"1a1c01bbd47fc00a2c39e90264f33305004495a9","hash":"c47dbb08f58841d525c2fc0b8f345b334af448d6"}
,"/home/savi/Desktop/Projects/Gambit/server/src/services/password.service.js": {"path":"/home/savi/Desktop/Projects/Gambit/server/src/services/password.service.js","statementMap":{"0":{"start":{"line":1,"column":13},"end":{"line":1,"column":44}},"1":{"start":{"line":2,"column":14},"end":{"line":2,"column":39}},"2":{"start":{"line":4,"column":21},"end":{"line":16,"column":1}},"3":{"start":{"line":5,"column":4},"end":{"line":14,"column":5}},"4":{"start":{"line":6,"column":31},"end":{"line":6,"column":61}},"5":{"start":{"line":7,"column":21},"end":{"line":10,"column":10}},"6":{"start":{"line":11,"column":8},"end":{"line":11,"column":20}},"7":{"start":{"line":13,"column":8},"end":{"line":13,"column":27}},"8":{"start":{"line":18,"column":0},"end":{"line":18,"column":30}}},"fnMap":{"0":{"name":"(anonymous_0)","decl":{"start":{"line":4,"column":21},"end":{"line":4,"column":22}},"loc":{"start":{"line":4,"column":45},"end":{"line":16,"column":1}},"line":4}},"branchMap":{},"s":{"0":3,"1":3,"2":3,"3":1,"4":1,"5":1,"6":1,"7":0,"8":3},"f":{"0":1},"b":{},"_coverageSchema":"1a1c01bbd47fc00a2c39e90264f33305004495a9","hash":"a5a72fc38e8f0c8196539debf60004c319953367"}
}
