TN:
SF:src/app.js
FN:36,(anonymous_0)
FNF:1
FNH:1
FNDA:1,(anonymous_0)
DA:4,2
DA:5,2
DA:6,2
DA:7,2
DA:8,2
DA:9,2
DA:12,2
DA:13,2
DA:14,2
DA:16,2
DA:18,2
DA:20,2
DA:23,2
DA:24,2
DA:25,2
DA:26,2
DA:27,2
DA:28,2
DA:30,2
DA:31,2
DA:32,2
DA:35,2
DA:36,2
DA:37,1
DA:41,2
DA:42,2
DA:44,2
LF:27
LH:27
BRDA:35,0,0,2
BRDA:35,0,1,2
BRF:2
BRH:2
end_of_record
TN:
SF:src/configs/auth.config.js
FN:18,(anonymous_0)
FN:25,(anonymous_1)
FN:26,(anonymous_2)
FNF:3
FNH:1
FNDA:2,(anonymous_0)
FNDA:0,(anonymous_1)
FNDA:0,(anonymous_2)
DA:3,2
DA:4,2
DA:5,2
DA:6,2
DA:8,2
DA:10,2
DA:14,2
DA:18,2
DA:19,2
DA:25,2
DA:26,0
DA:27,0
DA:28,0
DA:29,0
DA:33,2
DA:40,2
DA:44,2
LF:17
LH:13
BRDA:10,0,0,0
BRDA:10,0,1,2
BRDA:14,1,0,0
BRDA:14,1,1,2
BRDA:27,2,0,0
BRDA:27,2,1,0
BRDA:28,3,0,0
BRDA:28,3,1,0
BRF:8
BRH:2
end_of_record
TN:
SF:src/configs/client.config.js
FN:4,(anonymous_0)
FNF:1
FNH:1
FNDA:2,(anonymous_0)
DA:1,2
DA:2,2
DA:4,2
DA:5,2
DA:8,2
DA:11,2
LF:6
LH:6
BRDA:1,0,0,2
BRDA:1,0,1,2
BRDA:2,1,0,2
BRDA:2,1,1,0
BRDA:5,2,0,0
BRDA:5,2,1,2
BRF:6
BRH:4
end_of_record
TN:
SF:src/configs/db.config.js
FN:7,(anonymous_0)
FN:23,(anonymous_1)
FN:27,(anonymous_2)
FNF:3
FNH:2
FNDA:2,(anonymous_0)
FNDA:2,(anonymous_1)
FNDA:0,(anonymous_2)
DA:3,2
DA:4,2
DA:5,2
DA:7,2
DA:8,2
DA:12,2
DA:13,2
DA:20,0
DA:23,2
DA:24,2
DA:27,2
DA:28,0
DA:33,2
LF:13
LH:11
BRDA:4,0,0,2
BRDA:4,0,1,2
BRDA:5,1,0,2
BRDA:5,1,1,0
BRDA:8,2,0,0
BRDA:8,2,1,2
BRF:6
BRH:4
end_of_record
TN:
SF:src/configs/storage.config.js
FN:12,(anonymous_0)
FN:28,(anonymous_1)
FN:32,(anonymous_2)
FNF:3
FNH:2
FNDA:2,(anonymous_0)
FNDA:2,(anonymous_1)
FNDA:0,(anonymous_2)
DA:3,2
DA:4,2
DA:6,2
DA:7,2
DA:9,2
DA:10,2
DA:12,2
DA:14,2
DA:18,2
DA:19,2
DA:20,2
DA:24,2
DA:28,2
DA:29,2
DA:32,2
DA:33,0
DA:37,2
DA:38,2
DA:39,2
DA:41,2
DA:45,2
LF:21
LH:20
BRDA:6,0,0,2
BRDA:6,0,1,2
BRDA:7,1,0,2
BRDA:7,1,1,0
BRDA:14,2,0,0
BRDA:14,2,1,2
BRDA:20,3,0,0
BRDA:20,3,1,2
BRF:8
BRH:5
end_of_record
TN:
SF:src/controllers/game.controller.js
FN:8,(anonymous_0)
FN:42,(anonymous_1)
FN:58,(anonymous_2)
FN:60,(anonymous_3)
FN:99,(anonymous_4)
FN:102,(anonymous_5)
FN:136,(anonymous_6)
FN:137,(anonymous_7)
FN:149,(anonymous_8)
FNF:9
FNH:0
FNDA:0,(anonymous_0)
FNDA:0,(anonymous_1)
FNDA:0,(anonymous_2)
FNDA:0,(anonymous_3)
FNDA:0,(anonymous_4)
FNDA:0,(anonymous_5)
FNDA:0,(anonymous_6)
FNDA:0,(anonymous_7)
FNDA:0,(anonymous_8)
DA:1,2
DA:2,2
DA:3,2
DA:4,2
DA:5,2
DA:8,2
DA:9,0
DA:11,0
DA:18,0
DA:19,0
DA:21,0
DA:23,0
DA:30,0
DA:31,0
DA:34,0
DA:35,0
DA:42,2
DA:43,0
DA:45,0
DA:46,0
DA:47,0
DA:49,0
DA:58,2
DA:59,0
DA:60,0
DA:61,0
DA:62,0
DA:63,0
DA:65,0
DA:66,0
DA:68,0
DA:69,0
DA:73,0
DA:75,0
DA:76,0
DA:81,0
DA:83,0
DA:84,0
DA:92,0
DA:93,0
DA:99,2
DA:100,0
DA:102,0
DA:103,0
DA:104,0
DA:105,0
DA:106,0
DA:113,0
DA:114,0
DA:115,0
DA:116,0
DA:118,0
DA:119,0
DA:121,0
DA:122,0
DA:124,0
DA:125,0
DA:126,0
DA:127,0
DA:128,0
DA:129,0
DA:131,0
DA:136,2
DA:137,0
DA:138,0
DA:139,0
DA:140,0
DA:141,0
DA:142,0
DA:143,0
DA:149,2
DA:151,0
DA:152,0
DA:153,0
DA:154,0
DA:155,0
DA:156,0
DA:157,0
DA:163,0
DA:164,0
DA:175,0
DA:176,0
DA:180,2
LF:83
LH:12
BRDA:61,0,0,0
BRDA:61,0,1,0
BRDA:62,1,0,0
BRDA:62,1,1,0
BRDA:65,2,0,0
BRDA:65,2,1,0
BRDA:68,3,0,0
BRDA:68,3,1,0
BRDA:113,4,0,0
BRDA:113,4,1,0
BRDA:118,5,0,0
BRDA:118,5,1,0
BRDA:119,6,0,0
BRDA:119,6,1,0
BRDA:124,7,0,0
BRDA:124,7,1,0
BRDA:138,8,0,0
BRDA:138,8,1,0
BRDA:138,9,0,0
BRDA:138,9,1,0
BRDA:156,10,0,0
BRDA:156,10,1,0
BRF:22
BRH:0
end_of_record
TN:
SF:src/controllers/leaderboard.controller.js
FN:6,(anonymous_0)
FN:27,(anonymous_1)
FNF:2
FNH:2
FNDA:3,(anonymous_0)
FNDA:2,(anonymous_1)
DA:1,3
DA:2,3
DA:3,3
DA:4,3
DA:6,3
DA:7,3
DA:8,3
DA:9,3
DA:10,3
DA:12,1
DA:13,1
DA:15,2
DA:17,1
DA:18,1
DA:22,1
DA:23,1
DA:27,3
DA:28,2
DA:29,2
DA:30,2
DA:31,1
DA:39,1
DA:41,1
DA:52,0
DA:56,3
LF:25
LH:24
BRDA:10,0,0,1
BRDA:10,0,1,2
BRDA:10,1,0,3
BRDA:10,1,1,2
BRDA:15,2,0,1
BRDA:15,2,1,1
BRDA:15,3,0,2
BRDA:15,3,1,1
BRDA:30,4,0,1
BRDA:30,4,1,1
BRF:10
BRH:10
end_of_record
TN:
SF:src/controllers/profile.controller.js
FN:5,(anonymous_0)
FN:37,(anonymous_1)
FNF:2
FNH:0
FNDA:0,(anonymous_0)
FNDA:0,(anonymous_1)
DA:1,2
DA:5,2
DA:6,0
DA:7,0
DA:8,0
DA:9,0
DA:17,0
DA:19,0
DA:32,0
DA:37,2
DA:39,0
DA:40,0
DA:63,0
DA:65,0
DA:77,0
DA:82,2
LF:16
LH:4
BRDA:8,0,0,0
BRDA:8,0,1,0
BRF:2
BRH:0
end_of_record
TN:
SF:src/controllers/user.controller.js
FN:22,(anonymous_0)
FN:72,(anonymous_1)
FN:85,(anonymous_2)
FN:111,(anonymous_3)
FN:138,(anonymous_4)
FN:170,(anonymous_5)
FN:216,(anonymous_6)
FN:256,(anonymous_7)
FN:303,(anonymous_8)
FN:328,(anonymous_9)
FN:377,(anonymous_10)
FN:410,(anonymous_11)
FN:436,(anonymous_12)
FNF:13
FNH:3
FNDA:0,(anonymous_0)
FNDA:0,(anonymous_1)
FNDA:0,(anonymous_2)
FNDA:0,(anonymous_3)
FNDA:1,(anonymous_4)
FNDA:0,(anonymous_5)
FNDA:0,(anonymous_6)
FNDA:3,(anonymous_7)
FNDA:2,(anonymous_8)
FNDA:0,(anonymous_9)
FNDA:0,(anonymous_10)
FNDA:0,(anonymous_11)
FNDA:0,(anonymous_12)
DA:1,2
DA:2,2
DA:3,2
DA:4,2
DA:5,2
DA:6,2
DA:7,2
DA:8,2
DA:9,2
DA:10,2
DA:11,2
DA:13,2
DA:14,2
DA:22,2
DA:24,0
DA:26,0
DA:33,0
DA:35,0
DA:57,0
DA:59,0
DA:66,0
DA:68,0
DA:72,2
DA:74,0
DA:76,0
DA:77,0
DA:79,0
DA:80,0
DA:85,2
DA:87,0
DA:88,0
DA:89,0
DA:92,0
DA:97,0
DA:99,0
DA:100,0
DA:103,0
DA:104,0
DA:105,0
DA:106,0
DA:111,2
DA:113,0
DA:114,0
DA:115,0
DA:116,0
DA:119,0
DA:124,0
DA:126,0
DA:127,0
DA:130,0
DA:131,0
DA:132,0
DA:133,0
DA:138,2
DA:140,1
DA:141,1
DA:143,1
DA:144,1
DA:146,0
DA:148,0
DA:149,0
DA:152,0
DA:154,0
DA:160,0
DA:170,2
DA:172,0
DA:174,0
DA:175,0
DA:178,0
DA:181,0
DA:183,0
DA:184,0
DA:185,0
DA:196,0
DA:198,0
DA:200,0
DA:209,0
DA:216,2
DA:218,0
DA:219,0
DA:220,0
DA:221,0
DA:224,0
DA:230,0
DA:232,0
DA:236,0
DA:238,0
DA:239,0
DA:242,0
DA:243,0
DA:246,0
DA:247,0
DA:250,0
DA:256,2
DA:257,3
DA:258,3
DA:259,3
DA:260,1
DA:267,2
DA:268,1
DA:274,1
DA:275,1
DA:276,0
DA:277,0
DA:287,1
DA:295,0
DA:296,0
DA:303,2
DA:304,2
DA:306,2
DA:307,1
DA:309,1
DA:311,1
DA:312,0
DA:315,1
DA:316,1
DA:319,0
DA:323,0
DA:324,0
DA:328,2
DA:329,0
DA:330,0
DA:332,0
DA:333,0
DA:334,0
DA:335,0
DA:342,0
DA:344,0
DA:348,0
DA:350,0
DA:365,0
DA:366,0
DA:377,2
DA:379,0
DA:380,0
DA:381,0
DA:382,0
DA:384,0
DA:386,0
DA:388,0
DA:389,0
DA:395,0
DA:398,0
DA:403,0
DA:404,0
DA:410,2
DA:412,0
DA:414,0
DA:416,0
DA:417,0
DA:422,0
DA:423,0
DA:425,0
DA:427,0
DA:429,0
DA:436,2
DA:438,0
DA:439,0
DA:440,0
DA:441,0
DA:442,0
DA:446,0
DA:448,0
DA:449,0
DA:454,0
DA:459,0
DA:460,0
DA:467,2
LF:168
LH:47
BRDA:22,0,0,0
BRDA:99,1,0,0
BRDA:99,1,1,0
BRDA:126,2,0,0
BRDA:126,2,1,0
BRDA:143,3,0,1
BRDA:143,3,1,0
BRDA:148,4,0,0
BRDA:148,4,1,0
BRDA:181,5,0,0
BRDA:181,5,1,0
BRDA:236,6,0,0
BRDA:236,6,1,0
BRDA:239,7,0,0
BRDA:239,7,1,0
BRDA:243,8,0,0
BRDA:243,8,1,0
BRDA:246,9,0,0
BRDA:246,9,1,0
BRDA:259,10,0,1
BRDA:259,10,1,2
BRDA:267,11,0,1
BRDA:267,11,1,1
BRDA:275,12,0,0
BRDA:275,12,1,1
BRDA:306,13,0,1
BRDA:306,13,1,1
BRDA:311,14,0,0
BRDA:311,14,1,1
BRDA:315,15,0,1
BRDA:315,15,1,0
BRDA:332,16,0,0
BRDA:332,16,1,0
BRDA:388,17,0,0
BRDA:388,17,1,0
BRDA:416,18,0,0
BRDA:416,18,1,0
BRDA:441,19,0,0
BRDA:441,19,1,0
BRDA:448,20,0,0
BRDA:448,20,1,0
BRF:41
BRH:10
end_of_record
TN:
SF:src/models/game.model.js
FNF:0
FNH:0
DA:1,4
DA:4,4
DA:17,4
LF:3
LH:3
BRF:0
BRH:0
end_of_record
TN:
SF:src/models/profile.model.js
FNF:0
FNH:0
DA:1,3
DA:4,3
DA:26,3
LF:3
LH:3
BRF:0
BRH:0
end_of_record
TN:
SF:src/models/score.model.js
FNF:0
FNH:0
DA:1,4
DA:4,4
DA:11,4
LF:3
LH:3
BRF:0
BRH:0
end_of_record
TN:
SF:src/models/user.model.js
FNF:0
FNH:0
DA:1,4
DA:4,4
DA:11,4
LF:3
LH:3
BRF:0
BRH:0
end_of_record
TN:
SF:src/routes/game.route.js
FNF:0
FNH:0
DA:1,2
DA:2,2
DA:3,2
DA:6,2
DA:8,2
LF:5
LH:5
BRF:0
BRH:0
end_of_record
TN:
SF:src/routes/profile.route.js
FNF:0
FNH:0
DA:1,2
DA:2,2
DA:3,2
DA:4,2
DA:5,2
DA:8,2
DA:9,2
DA:10,2
DA:12,2
LF:9
LH:9
BRF:0
BRH:0
end_of_record
TN:
SF:src/routes/socket.route.js
FN:6,(anonymous_0)
FN:8,(anonymous_1)
FN:11,(anonymous_2)
FN:15,(anonymous_3)
FN:19,(anonymous_4)
FN:23,(anonymous_5)
FN:27,(anonymous_6)
FN:30,(anonymous_7)
FN:33,(anonymous_8)
FNF:9
FNH:1
FNDA:2,(anonymous_0)
FNDA:0,(anonymous_1)
FNDA:0,(anonymous_2)
FNDA:0,(anonymous_3)
FNDA:0,(anonymous_4)
FNDA:0,(anonymous_5)
FNDA:0,(anonymous_6)
FNDA:0,(anonymous_7)
FNDA:0,(anonymous_8)
DA:3,2
DA:6,2
DA:8,2
DA:9,0
DA:11,0
DA:12,0
DA:15,0
DA:16,0
DA:19,0
DA:20,0
DA:23,0
DA:24,0
DA:27,0
DA:28,0
DA:29,0
DA:30,0
DA:33,0
DA:34,0
DA:40,2
LF:19
LH:4
BRDA:29,0,0,0
BRDA:29,0,1,0
BRF:2
BRH:0
end_of_record
TN:
SF:src/routes/user.route.js
FNF:0
FNH:0
DA:1,2
DA:2,2
DA:3,2
DA:4,2
DA:7,2
DA:8,2
DA:9,2
DA:10,2
DA:11,2
DA:12,2
DA:13,2
DA:14,2
DA:15,2
DA:17,2
LF:14
LH:14
BRF:0
BRH:0
end_of_record
TN:
SF:src/services/auth.service.js
FN:7,(anonymous_0)
FN:14,(anonymous_1)
FN:25,(anonymous_2)
FN:28,(anonymous_3)
FNF:4
FNH:4
FNDA:6,(anonymous_0)
FNDA:3,(anonymous_1)
FNDA:3,(anonymous_2)
FNDA:1,(anonymous_3)
DA:1,4
DA:2,4
DA:4,4
DA:7,4
DA:8,6
DA:14,4
DA:15,3
DA:16,3
DA:18,3
DA:25,4
DA:28,4
DA:29,1
DA:30,1
DA:32,1
DA:37,1
DA:39,1
DA:45,4
LF:17
LH:17
BRDA:28,0,0,1
BRF:1
BRH:1
end_of_record
TN:
SF:src/services/chess.service.js
FN:2,(anonymous_0)
FN:14,(anonymous_1)
FN:53,(anonymous_2)
FNF:3
FNH:0
FNDA:0,(anonymous_0)
FNDA:0,(anonymous_1)
FNDA:0,(anonymous_2)
DA:2,2
DA:3,0
DA:4,0
DA:5,0
DA:6,0
DA:7,0
DA:10,0
DA:14,2
DA:17,0
DA:18,0
DA:19,0
DA:21,0
DA:28,0
DA:29,0
DA:32,0
DA:33,0
DA:36,0
DA:37,0
DA:40,0
DA:41,0
DA:45,0
DA:53,2
DA:54,0
DA:64,2
LF:24
LH:4
BRDA:5,0,0,0
BRDA:5,0,1,0
BRDA:5,1,0,0
BRDA:5,1,1,0
BRDA:14,2,0,0
BRDA:17,3,0,0
BRDA:17,3,1,0
BRDA:18,4,0,0
BRDA:18,4,1,0
BRDA:28,5,0,0
BRDA:28,5,1,0
BRDA:32,6,0,0
BRDA:32,6,1,0
BRDA:36,7,0,0
BRDA:36,7,1,0
BRDA:40,8,0,0
BRDA:40,8,1,0
BRF:17
BRH:0
end_of_record
TN:
SF:src/services/email.service.js
FN:4,(anonymous_0)
FN:25,(anonymous_1)
FN:35,(anonymous_2)
FNF:3
FNH:1
FNDA:1,(anonymous_0)
FNDA:0,(anonymous_1)
FNDA:0,(anonymous_2)
DA:1,3
DA:2,3
DA:3,3
DA:4,3
DA:6,1
DA:9,1
DA:18,1
DA:25,1
DA:26,0
DA:27,0
DA:29,0
DA:35,0
DA:36,0
DA:37,0
DA:39,0
DA:42,1
DA:46,3
LF:17
LH:10
BRDA:26,0,0,0
BRDA:26,0,1,0
BRDA:36,1,0,0
BRDA:36,1,1,0
BRF:4
BRH:0
end_of_record
TN:
SF:src/services/keys.service.js
FN:9,genKeyPair
FNF:1
FNH:1
FNDA:1,genKeyPair
DA:1,1
DA:2,1
DA:11,1
DA:24,1
DA:27,1
DA:31,1
DA:33,0
DA:37,1
LF:8
LH:7
BRDA:31,0,0,0
BRDA:31,0,1,1
BRF:2
BRH:1
end_of_record
TN:
SF:src/services/password.service.js
FN:4,(anonymous_0)
FNF:1
FNH:1
FNDA:1,(anonymous_0)
DA:1,3
DA:2,3
DA:4,3
DA:5,1
DA:6,1
DA:7,1
DA:11,1
DA:13,0
DA:18,3
LF:9
LH:8
BRF:0
BRH:0
end_of_record
